{"meta": {"format": 3, "version": "7.12.0", "timestamp": "2025-11-23T22:21:49.708477", "branch_coverage": false, "show_contexts": false}, "files": {"keyzerchief_app/__init__.py": {"executed_lines": [1, 3, 5, 7], "summary": {"covered_lines": 3, "num_statements": 3, "percent_covered": 100.0, "percent_covered_display": "100", "missing_lines": 0, "excluded_lines": 0, "percent_statements_covered": 100.0, "percent_statements_covered_display": "100"}, "missing_lines": [], "excluded_lines": [], "functions": {"": {"executed_lines": [1, 3, 5, 7], "summary": {"covered_lines": 3, "num_statements": 3, "percent_covered": 100.0, "percent_covered_display": "100", "missing_lines": 0, "excluded_lines": 0, "percent_statements_covered": 100.0, "percent_statements_covered_display": "100"}, "missing_lines": [], "excluded_lines": []}}, "classes": {"": {"executed_lines": [1, 3, 5, 7], "summary": {"covered_lines": 3, "num_statements": 3, "percent_covered": 100.0, "percent_covered_display": "100", "missing_lines": 0, "excluded_lines": 0, "percent_statements_covered": 100.0, "percent_statements_covered_display": "100"}, "missing_lines": [], "excluded_lines": []}}}, "keyzerchief_app/__main__.py": {"executed_lines": [1, 3, 5, 6, 8, 11, 18], "summary": {"covered_lines": 6, "num_statements": 10, "percent_covered": 60.0, "percent_covered_display": "60", "missing_lines": 4, "excluded_lines": 0, "percent_statements_covered": 60.0, "percent_statements_covered_display": "60"}, "missing_lines": [13, 14, 15, 19], "excluded_lines": [], "functions": {"main": {"executed_lines": [], "summary": {"covered_lines": 0, "num_statements": 3, "percent_covered": 0.0, "percent_covered_display": "0", "missing_lines": 3, "excluded_lines": 0, "percent_statements_covered": 0.0, "percent_statements_covered_display": "0"}, "missing_lines": [13, 14, 15], "excluded_lines": []}, "": {"executed_lines": [1, 3, 5, 6, 8, 11, 18], "summary": {"covered_lines": 6, "num_statements": 7, "percent_covered": 85.71428571428571, "percent_covered_display": "86", "missing_lines": 1, "excluded_lines": 0, "percent_statements_covered": 85.71428571428571, "percent_statements_covered_display": "86"}, "missing_lines": [19], "excluded_lines": []}}, "classes": {"": {"executed_lines": [1, 3, 5, 6, 8, 11, 18], "summary": {"covered_lines": 6, "num_statements": 10, "percent_covered": 60.0, "percent_covered_display": "60", "missing_lines": 4, "excluded_lines": 0, "percent_statements_covered": 60.0, "percent_statements_covered_display": "60"}, "missing_lines": [13, 14, 15, 19], "excluded_lines": []}}}, "keyzerchief_app/app.py": {"executed_lines": [1, 3, 5, 6, 7, 8, 10, 11, 19, 20, 21, 32, 33, 34, 35, 38, 51, 75, 78], "summary": {"covered_lines": 18, "num_statements": 241, "percent_covered": 7.468879668049793, "percent_covered_display": "7", "missing_lines": 223, "excluded_lines": 0, "percent_statements_covered": 7.468879668049793, "percent_statements_covered_display": "7"}, "missing_lines": [41, 42, 44, 45, 46, 48, 54, 55, 56, 57, 58, 59, 60, 61, 63, 64, 66, 67, 69, 70, 71, 72, 74, 80, 81, 82, 83, 85, 87, 88, 89, 90, 92, 93, 95, 97, 98, 100, 101, 102, 103, 104, 105, 106, 107, 108, 109, 110, 111, 113, 114, 115, 116, 118, 120, 121, 123, 124, 125, 126, 127, 128, 130, 131, 133, 134, 135, 137, 138, 139, 140, 141, 142, 143, 153, 168, 169, 171, 172, 173, 174, 175, 176, 178, 179, 180, 181, 182, 184, 185, 186, 187, 188, 189, 190, 191, 193, 194, 195, 196, 197, 198, 199, 200, 201, 202, 203, 205, 206, 207, 208, 209, 210, 211, 212, 213, 215, 216, 217, 218, 219, 220, 221, 222, 223, 225, 226, 227, 228, 230, 232, 233, 234, 235, 237, 239, 240, 241, 242, 244, 245, 247, 248, 249, 250, 252, 253, 255, 256, 257, 267, 268, 269, 270, 271, 272, 274, 275, 285, 286, 287, 288, 289, 291, 292, 293, 294, 295, 296, 298, 299, 309, 310, 311, 312, 313, 314, 316, 317, 327, 328, 329, 330, 331, 332, 334, 335, 345, 347, 348, 358, 359, 361, 362, 363, 364, 374, 375, 376, 377, 378, 380, 381, 391, 393, 394, 404, 405, 406, 408, 409, 419, 435, 436, 437, 438, 440, 441, 442, 443, 445, 446, 448], "excluded_lines": [], "functions": {"_resolve_function_key_index": {"executed_lines": [], "summary": {"covered_lines": 0, "num_statements": 6, "percent_covered": 0.0, "percent_covered_display": "0", "missing_lines": 6, "excluded_lines": 0, "percent_statements_covered": 0.0, "percent_statements_covered_display": "0"}, "missing_lines": [41, 42, 44, 45, 46, 48], "excluded_lines": []}, "_capture_escape_sequence": {"executed_lines": [], "summary": {"covered_lines": 0, "num_statements": 17, "percent_covered": 0.0, "percent_covered_display": "0", "missing_lines": 17, "excluded_lines": 0, "percent_statements_covered": 0.0, "percent_statements_covered_display": "0"}, "missing_lines": [54, 55, 56, 57, 58, 59, 60, 61, 63, 64, 66, 67, 69, 70, 71, 72, 74], "excluded_lines": []}, "run_app": {"executed_lines": [], "summary": {"covered_lines": 0, "num_statements": 200, "percent_covered": 0.0, "percent_covered_display": "0", "missing_lines": 200, "excluded_lines": 0, "percent_statements_covered": 0.0, "percent_statements_covered_display": "0"}, "missing_lines": [80, 81, 82, 83, 85, 87, 88, 89, 90, 92, 93, 95, 97, 98, 100, 101, 102, 103, 104, 105, 106, 107, 108, 109, 110, 111, 113, 114, 115, 116, 118, 120, 121, 123, 124, 125, 126, 127, 128, 130, 131, 133, 134, 135, 137, 138, 139, 140, 141, 142, 143, 153, 168, 169, 171, 172, 173, 174, 175, 176, 178, 179, 180, 181, 182, 184, 185, 186, 187, 188, 189, 190, 191, 193, 194, 195, 196, 197, 198, 199, 200, 201, 202, 203, 205, 206, 207, 208, 209, 210, 211, 212, 213, 215, 216, 217, 218, 219, 220, 221, 222, 223, 225, 226, 227, 228, 230, 232, 233, 234, 235, 237, 239, 240, 241, 242, 244, 245, 247, 248, 249, 250, 252, 253, 255, 256, 257, 267, 268, 269, 270, 271, 272, 274, 275, 285, 286, 287, 288, 289, 291, 292, 293, 294, 295, 296, 298, 299, 309, 310, 311, 312, 313, 314, 316, 317, 327, 328, 329, 330, 331, 332, 334, 335, 345, 347, 348, 358, 359, 361, 362, 363, 364, 374, 375, 376, 377, 378, 380, 381, 391, 393, 394, 404, 405, 406, 408, 409, 419, 435, 436, 437, 438, 440, 441, 442, 443, 445, 446, 448], "excluded_lines": []}, "": {"executed_lines": [1, 3, 5, 6, 7, 8, 10, 11, 19, 20, 21, 32, 33, 34, 35, 38, 51, 75, 78], "summary": {"covered_lines": 18, "num_statements": 18, "percent_covered": 100.0, "percent_covered_display": "100", "missing_lines": 0, "excluded_lines": 0, "percent_statements_covered": 100.0, "percent_statements_covered_display": "100"}, "missing_lines": [], "excluded_lines": []}}, "classes": {"": {"executed_lines": [1, 3, 5, 6, 7, 8, 10, 11, 19, 20, 21, 32, 33, 34, 35, 38, 51, 75, 78], "summary": {"covered_lines": 18, "num_statements": 241, "percent_covered": 7.468879668049793, "percent_covered_display": "7", "missing_lines": 223, "excluded_lines": 0, "percent_statements_covered": 7.468879668049793, "percent_statements_covered_display": "7"}, "missing_lines": [41, 42, 44, 45, 46, 48, 54, 55, 56, 57, 58, 59, 60, 61, 63, 64, 66, 67, 69, 70, 71, 72, 74, 80, 81, 82, 83, 85, 87, 88, 89, 90, 92, 93, 95, 97, 98, 100, 101, 102, 103, 104, 105, 106, 107, 108, 109, 110, 111, 113, 114, 115, 116, 118, 120, 121, 123, 124, 125, 126, 127, 128, 130, 131, 133, 134, 135, 137, 138, 139, 140, 141, 142, 143, 153, 168, 169, 171, 172, 173, 174, 175, 176, 178, 179, 180, 181, 182, 184, 185, 186, 187, 188, 189, 190, 191, 193, 194, 195, 196, 197, 198, 199, 200, 201, 202, 203, 205, 206, 207, 208, 209, 210, 211, 212, 213, 215, 216, 217, 218, 219, 220, 221, 222, 223, 225, 226, 227, 228, 230, 232, 233, 234, 235, 237, 239, 240, 241, 242, 244, 245, 247, 248, 249, 250, 252, 253, 255, 256, 257, 267, 268, 269, 270, 271, 272, 274, 275, 285, 286, 287, 288, 289, 291, 292, 293, 294, 295, 296, 298, 299, 309, 310, 311, 312, 313, 314, 316, 317, 327, 328, 329, 330, 331, 332, 334, 335, 345, 347, 348, 358, 359, 361, 362, 363, 364, 374, 375, 376, 377, 378, 380, 381, 391, 393, 394, 404, 405, 406, 408, 409, 419, 435, 436, 437, 438, 440, 441, 442, 443, 445, 446, 448], "excluded_lines": []}}}, "keyzerchief_app/audio.py": {"executed_lines": [1, 3, 5, 6, 7, 9, 12, 15, 16, 18, 19, 20, 22], "summary": {"covered_lines": 12, "num_statements": 12, "percent_covered": 100.0, "percent_covered_display": "100", "missing_lines": 0, "excluded_lines": 0, "percent_statements_covered": 100.0, "percent_statements_covered_display": "100"}, "missing_lines": [], "excluded_lines": [], "functions": {"play_sfx": {"executed_lines": [15, 16, 18, 22], "summary": {"covered_lines": 4, "num_statements": 4, "percent_covered": 100.0, "percent_covered_display": "100", "missing_lines": 0, "excluded_lines": 0, "percent_statements_covered": 100.0, "percent_statements_covered_display": "100"}, "missing_lines": [], "excluded_lines": []}, "play_sfx._play": {"executed_lines": [19, 20], "summary": {"covered_lines": 2, "num_statements": 2, "percent_covered": 100.0, "percent_covered_display": "100", "missing_lines": 0, "excluded_lines": 0, "percent_statements_covered": 100.0, "percent_statements_covered_display": "100"}, "missing_lines": [], "excluded_lines": []}, "": {"executed_lines": [1, 3, 5, 6, 7, 9, 12], "summary": {"covered_lines": 6, "num_statements": 6, "percent_covered": 100.0, "percent_covered_display": "100", "missing_lines": 0, "excluded_lines": 0, "percent_statements_covered": 100.0, "percent_statements_covered_display": "100"}, "missing_lines": [], "excluded_lines": []}}, "classes": {"": {"executed_lines": [1, 3, 5, 6, 7, 9, 12, 15, 16, 18, 19, 20, 22], "summary": {"covered_lines": 12, "num_statements": 12, "percent_covered": 100.0, "percent_covered_display": "100", "missing_lines": 0, "excluded_lines": 0, "percent_statements_covered": 100.0, "percent_statements_covered_display": "100"}, "missing_lines": [], "excluded_lines": []}}}, "keyzerchief_app/constants.py": {"executed_lines": [1, 3, 6, 7, 10, 11, 14, 15, 16, 17, 18, 19, 20, 21, 22, 23, 24, 25, 26, 27, 28, 29, 32, 33, 36, 37, 38, 39, 52, 66], "summary": {"covered_lines": 29, "num_statements": 29, "percent_covered": 100.0, "percent_covered_display": "100", "missing_lines": 0, "excluded_lines": 0, "percent_statements_covered": 100.0, "percent_statements_covered_display": "100"}, "missing_lines": [], "excluded_lines": [], "functions": {"": {"executed_lines": [1, 3, 6, 7, 10, 11, 14, 15, 16, 17, 18, 19, 20, 21, 22, 23, 24, 25, 26, 27, 28, 29, 32, 33, 36, 37, 38, 39, 52, 66], "summary": {"covered_lines": 29, "num_statements": 29, "percent_covered": 100.0, "percent_covered_display": "100", "missing_lines": 0, "excluded_lines": 0, "percent_statements_covered": 100.0, "percent_statements_covered_display": "100"}, "missing_lines": [], "excluded_lines": []}}, "classes": {"": {"executed_lines": [1, 3, 6, 7, 10, 11, 14, 15, 16, 17, 18, 19, 20, 21, 22, 23, 24, 25, 26, 27, 28, 29, 32, 33, 36, 37, 38, 39, 52, 66], "summary": {"covered_lines": 29, "num_statements": 29, "percent_covered": 100.0, "percent_covered_display": "100", "missing_lines": 0, "excluded_lines": 0, "percent_statements_covered": 100.0, "percent_statements_covered_display": "100"}, "missing_lines": [], "excluded_lines": []}}}, "keyzerchief_app/curses_setup.py": {"executed_lines": [1, 3, 5, 7, 29, 31, 32, 33, 34, 35, 36, 37, 38, 39, 40, 41, 42, 43, 44, 45, 46, 47, 48, 49, 50, 51, 52, 53], "summary": {"covered_lines": 27, "num_statements": 27, "percent_covered": 100.0, "percent_covered_display": "100", "missing_lines": 0, "excluded_lines": 0, "percent_statements_covered": 100.0, "percent_statements_covered_display": "100"}, "missing_lines": [], "excluded_lines": [], "functions": {"init_curses": {"executed_lines": [31, 32, 33, 34, 35, 36, 37, 38, 39, 40, 41, 42, 43, 44, 45, 46, 47, 48, 49, 50, 51, 52, 53], "summary": {"covered_lines": 23, "num_statements": 23, "percent_covered": 100.0, "percent_covered_display": "100", "missing_lines": 0, "excluded_lines": 0, "percent_statements_covered": 100.0, "percent_statements_covered_display": "100"}, "missing_lines": [], "excluded_lines": []}, "": {"executed_lines": [1, 3, 5, 7, 29], "summary": {"covered_lines": 4, "num_statements": 4, "percent_covered": 100.0, "percent_covered_display": "100", "missing_lines": 0, "excluded_lines": 0, "percent_statements_covered": 100.0, "percent_statements_covered_display": "100"}, "missing_lines": [], "excluded_lines": []}}, "classes": {"": {"executed_lines": [1, 3, 5, 7, 29, 31, 32, 33, 34, 35, 36, 37, 38, 39, 40, 41, 42, 43, 44, 45, 46, 47, 48, 49, 50, 51, 52, 53], "summary": {"covered_lines": 27, "num_statements": 27, "percent_covered": 100.0, "percent_covered_display": "100", "missing_lines": 0, "excluded_lines": 0, "percent_statements_covered": 100.0, "percent_statements_covered_display": "100"}, "missing_lines": [], "excluded_lines": []}}}, "keyzerchief_app/input_listener.py": {"executed_lines": [1, 3, 5, 6, 8, 11, 12, 14, 20, 21, 22, 23, 25, 28, 29, 31, 35, 36, 38, 41, 42, 43, 44, 45, 47, 48, 49, 51, 52, 53, 55, 56, 57, 59, 62, 65, 68, 75], "summary": {"covered_lines": 36, "num_statements": 39, "percent_covered": 92.3076923076923, "percent_covered_display": "92", "missing_lines": 3, "excluded_lines": 0, "percent_statements_covered": 92.3076923076923, "percent_statements_covered_display": "92"}, "missing_lines": [71, 72, 78], "excluded_lines": [], "functions": {"ModifierKeyMonitor.__init__": {"executed_lines": [21, 22, 23], "summary": {"covered_lines": 3, "num_statements": 3, "percent_covered": 100.0, "percent_covered_display": "100", "missing_lines": 0, "excluded_lines": 0, "percent_statements_covered": 100.0, "percent_statements_covered_display": "100"}, "missing_lines": [], "excluded_lines": []}, "ModifierKeyMonitor.start": {"executed_lines": [28, 29, 31, 35, 36], "summary": {"covered_lines": 5, "num_statements": 5, "percent_covered": 100.0, "percent_covered_display": "100", "missing_lines": 0, "excluded_lines": 0, "percent_statements_covered": 100.0, "percent_statements_covered_display": "100"}, "missing_lines": [], "excluded_lines": []}, "ModifierKeyMonitor.stop": {"executed_lines": [41, 42, 43, 44, 45], "summary": {"covered_lines": 5, "num_statements": 5, "percent_covered": 100.0, "percent_covered_display": "100", "missing_lines": 0, "excluded_lines": 0, "percent_statements_covered": 100.0, "percent_statements_covered_display": "100"}, "missing_lines": [], "excluded_lines": []}, "ModifierKeyMonitor._on_press": {"executed_lines": [48, 49], "summary": {"covered_lines": 2, "num_statements": 2, "percent_covered": 100.0, "percent_covered_display": "100", "missing_lines": 0, "excluded_lines": 0, "percent_statements_covered": 100.0, "percent_statements_covered_display": "100"}, "missing_lines": [], "excluded_lines": []}, "ModifierKeyMonitor._on_release": {"executed_lines": [52, 53], "summary": {"covered_lines": 2, "num_statements": 2, "percent_covered": 100.0, "percent_covered_display": "100", "missing_lines": 0, "excluded_lines": 0, "percent_statements_covered": 100.0, "percent_statements_covered_display": "100"}, "missing_lines": [], "excluded_lines": []}, "ModifierKeyMonitor._any_pressed": {"executed_lines": [56, 57], "summary": {"covered_lines": 2, "num_statements": 2, "percent_covered": 100.0, "percent_covered_display": "100", "missing_lines": 0, "excluded_lines": 0, "percent_statements_covered": 100.0, "percent_statements_covered_display": "100"}, "missing_lines": [], "excluded_lines": []}, "ModifierKeyMonitor.is_shift_pressed": {"executed_lines": [62], "summary": {"covered_lines": 1, "num_statements": 1, "percent_covered": 100.0, "percent_covered_display": "100", "missing_lines": 0, "excluded_lines": 0, "percent_statements_covered": 100.0, "percent_statements_covered_display": "100"}, "missing_lines": [], "excluded_lines": []}, "start_modifier_monitor": {"executed_lines": [], "summary": {"covered_lines": 0, "num_statements": 2, "percent_covered": 0.0, "percent_covered_display": "0", "missing_lines": 2, "excluded_lines": 0, "percent_statements_covered": 0.0, "percent_statements_covered_display": "0"}, "missing_lines": [71, 72], "excluded_lines": []}, "stop_modifier_monitor": {"executed_lines": [], "summary": {"covered_lines": 0, "num_statements": 1, "percent_covered": 0.0, "percent_covered_display": "0", "missing_lines": 1, "excluded_lines": 0, "percent_statements_covered": 0.0, "percent_statements_covered_display": "0"}, "missing_lines": [78], "excluded_lines": []}, "": {"executed_lines": [1, 3, 5, 6, 8, 11, 12, 14, 20, 25, 38, 47, 51, 55, 59, 65, 68, 75], "summary": {"covered_lines": 16, "num_statements": 16, "percent_covered": 100.0, "percent_covered_display": "100", "missing_lines": 0, "excluded_lines": 0, "percent_statements_covered": 100.0, "percent_statements_covered_display": "100"}, "missing_lines": [], "excluded_lines": []}}, "classes": {"ModifierKeyMonitor": {"executed_lines": [21, 22, 23, 28, 29, 31, 35, 36, 41, 42, 43, 44, 45, 48, 49, 52, 53, 56, 57, 62], "summary": {"covered_lines": 20, "num_statements": 20, "percent_covered": 100.0, "percent_covered_display": "100", "missing_lines": 0, "excluded_lines": 0, "percent_statements_covered": 100.0, "percent_statements_covered_display": "100"}, "missing_lines": [], "excluded_lines": []}, "": {"executed_lines": [1, 3, 5, 6, 8, 11, 12, 14, 20, 25, 38, 47, 51, 55, 59, 65, 68, 75], "summary": {"covered_lines": 16, "num_statements": 19, "percent_covered": 84.21052631578948, "percent_covered_display": "84", "missing_lines": 3, "excluded_lines": 0, "percent_statements_covered": 84.21052631578948, "percent_statements_covered_display": "84"}, "missing_lines": [71, 72, 78], "excluded_lines": []}}}, "keyzerchief_app/keystore.py": {"executed_lines": [1, 3, 5, 6, 7, 8, 9, 10, 12, 13, 14, 17, 25, 27, 28, 29, 35, 36, 37, 40, 42, 43, 44, 46, 47, 48, 49, 51, 54, 100, 102, 105, 119, 122, 123, 124, 125, 126, 127, 128, 129, 130, 131, 132, 133, 134, 135, 136, 137, 138, 140, 141, 142, 143, 144, 146, 147, 148, 149, 153, 154, 155, 156, 157, 158, 159, 161, 162, 163, 164, 165, 171, 174, 176, 177, 178, 179, 180, 181, 182, 183, 184, 187, 189, 190, 191, 192, 193, 194, 195, 196, 197, 198, 200, 201, 202, 203, 204, 205, 206, 207, 208, 210, 211, 214, 216, 217, 218, 219, 220, 221], "summary": {"covered_lines": 110, "num_statements": 153, "percent_covered": 71.89542483660131, "percent_covered_display": "72", "missing_lines": 43, "excluded_lines": 0, "percent_statements_covered": 71.89542483660131, "percent_statements_covered_display": "72"}, "missing_lines": [56, 57, 59, 60, 61, 62, 63, 64, 65, 66, 68, 69, 70, 71, 72, 73, 74, 75, 76, 77, 79, 80, 81, 82, 83, 84, 85, 86, 87, 88, 89, 90, 91, 92, 93, 94, 96, 97, 103, 120, 151, 167, 169], "excluded_lines": [], "functions": {"check_password": {"executed_lines": [27, 28, 29, 35, 36, 37], "summary": {"covered_lines": 6, "num_statements": 6, "percent_covered": 100.0, "percent_covered_display": "100", "missing_lines": 0, "excluded_lines": 0, "percent_statements_covered": 100.0, "percent_statements_covered_display": "100"}, "missing_lines": [], "excluded_lines": []}, "check_unsaved_changes": {"executed_lines": [42, 43, 44, 46, 47, 48, 49, 51], "summary": {"covered_lines": 8, "num_statements": 8, "percent_covered": 100.0, "percent_covered_display": "100", "missing_lines": 0, "excluded_lines": 0, "percent_statements_covered": 100.0, "percent_statements_covered_display": "100"}, "missing_lines": [], "excluded_lines": []}, "save_changes": {"executed_lines": [], "summary": {"covered_lines": 0, "num_statements": 38, "percent_covered": 0.0, "percent_covered_display": "0", "missing_lines": 38, "excluded_lines": 0, "percent_statements_covered": 0.0, "percent_statements_covered_display": "0"}, "missing_lines": [56, 57, 59, 60, 61, 62, 63, 64, 65, 66, 68, 69, 70, 71, 72, 73, 74, 75, 76, 77, 79, 80, 81, 82, 83, 84, 85, 86, 87, 88, 89, 90, 91, 92, 93, 94, 96, 97], "excluded_lines": []}, "get_keystore_entries": {"executed_lines": [102, 105, 119, 122, 123, 124, 125, 126, 127, 128, 129, 130, 131, 132, 133, 134, 135, 136, 137, 138, 140, 141, 142, 143, 144, 146, 147, 148, 149, 153, 154, 155, 156, 157, 158, 159, 161, 162, 163, 164, 165, 171], "summary": {"covered_lines": 42, "num_statements": 47, "percent_covered": 89.36170212765957, "percent_covered_display": "89", "missing_lines": 5, "excluded_lines": 0, "percent_statements_covered": 89.36170212765957, "percent_statements_covered_display": "89"}, "missing_lines": [103, 120, 151, 167, 169], "excluded_lines": []}, "parse_until_date": {"executed_lines": [176, 177, 178, 179, 180, 181, 182, 183, 184], "summary": {"covered_lines": 9, "num_statements": 9, "percent_covered": 100.0, "percent_covered_display": "100", "missing_lines": 0, "excluded_lines": 0, "percent_statements_covered": 100.0, "percent_statements_covered_display": "100"}, "missing_lines": [], "excluded_lines": []}, "filter_entries": {"executed_lines": [189, 190, 191, 192, 193, 194, 195, 196, 197, 198, 200, 201, 202, 203, 204, 205, 206, 207, 208, 210, 211], "summary": {"covered_lines": 21, "num_statements": 21, "percent_covered": 100.0, "percent_covered_display": "100", "missing_lines": 0, "excluded_lines": 0, "percent_statements_covered": 100.0, "percent_statements_covered_display": "100"}, "missing_lines": [], "excluded_lines": []}, "find_entry_index_by_alias": {"executed_lines": [216, 217, 218, 219, 220, 221], "summary": {"covered_lines": 6, "num_statements": 6, "percent_covered": 100.0, "percent_covered_display": "100", "missing_lines": 0, "excluded_lines": 0, "percent_statements_covered": 100.0, "percent_statements_covered_display": "100"}, "missing_lines": [], "excluded_lines": []}, "": {"executed_lines": [1, 3, 5, 6, 7, 8, 9, 10, 12, 13, 14, 17, 25, 40, 54, 100, 174, 187, 214], "summary": {"covered_lines": 18, "num_statements": 18, "percent_covered": 100.0, "percent_covered_display": "100", "missing_lines": 0, "excluded_lines": 0, "percent_statements_covered": 100.0, "percent_statements_covered_display": "100"}, "missing_lines": [], "excluded_lines": []}}, "classes": {"": {"executed_lines": [1, 3, 5, 6, 7, 8, 9, 10, 12, 13, 14, 17, 25, 27, 28, 29, 35, 36, 37, 40, 42, 43, 44, 46, 47, 48, 49, 51, 54, 100, 102, 105, 119, 122, 123, 124, 125, 126, 127, 128, 129, 130, 131, 132, 133, 134, 135, 136, 137, 138, 140, 141, 142, 143, 144, 146, 147, 148, 149, 153, 154, 155, 156, 157, 158, 159, 161, 162, 163, 164, 165, 171, 174, 176, 177, 178, 179, 180, 181, 182, 183, 184, 187, 189, 190, 191, 192, 193, 194, 195, 196, 197, 198, 200, 201, 202, 203, 204, 205, 206, 207, 208, 210, 211, 214, 216, 217, 218, 219, 220, 221], "summary": {"covered_lines": 110, "num_statements": 153, "percent_covered": 71.89542483660131, "percent_covered_display": "72", "missing_lines": 43, "excluded_lines": 0, "percent_statements_covered": 71.89542483660131, "percent_statements_covered_display": "72"}, "missing_lines": [56, 57, 59, 60, 61, 62, 63, 64, 65, 66, 68, 69, 70, 71, 72, 73, 74, 75, 76, 77, 79, 80, 81, 82, 83, 84, 85, 86, 87, 88, 89, 90, 91, 92, 93, 94, 96, 97, 103, 120, 151, 167, 169], "excluded_lines": []}}}, "keyzerchief_app/keystore_actions.py": {"executed_lines": [1, 3, 5, 6, 7, 8, 9, 10, 11, 12, 14, 16, 17, 18, 19, 20, 23, 32, 39, 40, 41, 42, 43, 44, 45, 46, 47, 57, 58, 66, 69, 70, 72, 73, 91, 92, 95, 96, 112, 115, 116, 118, 119, 120, 122, 124, 140, 141, 143, 163, 164, 165, 169, 170, 172, 173, 177, 180, 183, 184, 197, 200, 201, 202, 203, 204, 206, 207, 208, 209, 217, 219, 220, 226, 227, 228, 229, 231, 232, 254, 257, 258, 259, 260, 261, 263, 264, 265, 270, 271, 275, 279, 280, 281, 282, 284, 290, 293, 294, 302, 303, 304, 306, 310, 311, 312, 314, 337, 340, 342, 343, 345, 346, 347, 349, 351, 352, 361, 362, 369, 372, 373, 374, 387, 388, 389, 390, 391, 394, 465, 470, 473, 480, 481, 483, 484, 487, 488, 489, 491, 504, 505, 510, 511, 512, 513, 514, 515, 522, 523, 524, 525, 526, 527, 528, 529, 530, 531, 532, 533, 534, 535, 536, 537, 538, 539, 540, 541, 542, 543, 544, 545, 546, 547, 548, 558, 559, 560, 561, 567, 572, 573, 580, 583, 584, 586, 595, 596, 597, 620, 621, 634, 635, 636, 637, 638, 648, 649, 650, 671, 673, 674, 675, 676, 677, 678, 681], "summary": {"covered_lines": 206, "num_statements": 339, "percent_covered": 60.766961651917406, "percent_covered_display": "61", "missing_lines": 133, "excluded_lines": 0, "percent_statements_covered": 60.766961651917406, "percent_statements_covered_display": "61"}, "missing_lines": [25, 26, 27, 28, 29, 48, 49, 50, 51, 52, 53, 54, 67, 113, 166, 167, 174, 181, 198, 210, 211, 212, 213, 215, 221, 222, 224, 255, 266, 267, 268, 272, 273, 276, 277, 291, 307, 308, 338, 370, 395, 402, 403, 405, 406, 407, 408, 409, 411, 412, 413, 415, 424, 432, 433, 434, 436, 437, 439, 440, 441, 443, 444, 445, 458, 459, 461, 462, 471, 485, 506, 507, 508, 517, 518, 519, 562, 563, 564, 565, 566, 568, 569, 581, 587, 589, 590, 591, 592, 593, 611, 612, 614, 615, 616, 617, 618, 639, 640, 642, 643, 644, 645, 646, 668, 669, 682, 683, 684, 686, 688, 690, 691, 692, 693, 694, 695, 696, 697, 699, 700, 701, 702, 703, 704, 705, 707, 708, 710, 711, 713, 715, 716], "excluded_lines": [], "functions": {"_show_error": {"executed_lines": [], "summary": {"covered_lines": 0, "num_statements": 5, "percent_covered": 0.0, "percent_covered_display": "0", "missing_lines": 5, "excluded_lines": 0, "percent_statements_covered": 0.0, "percent_statements_covered_display": "0"}, "missing_lines": [25, 26, 27, 28, 29], "excluded_lines": []}, "handle_import_result": {"executed_lines": [39, 40, 41, 42, 43, 44, 45, 46, 47], "summary": {"covered_lines": 9, "num_statements": 16, "percent_covered": 56.25, "percent_covered_display": "56", "missing_lines": 7, "excluded_lines": 0, "percent_statements_covered": 56.25, "percent_statements_covered_display": "56"}, "missing_lines": [48, 49, 50, 51, 52, 53, 54], "excluded_lines": []}, "import_pkcs12_keypair": {"executed_lines": [58, 66, 69, 70, 72, 73, 91, 92], "summary": {"covered_lines": 8, "num_statements": 9, "percent_covered": 88.88888888888889, "percent_covered_display": "89", "missing_lines": 1, "excluded_lines": 0, "percent_statements_covered": 88.88888888888889, "percent_statements_covered_display": "89"}, "missing_lines": [67], "excluded_lines": []}, "import_pkcs8_keypair": {"executed_lines": [96, 112, 115, 116, 118, 119, 120, 122, 124, 140, 141, 143, 163, 164, 165, 169, 170, 172, 173], "summary": {"covered_lines": 19, "num_statements": 23, "percent_covered": 82.6086956521739, "percent_covered_display": "83", "missing_lines": 4, "excluded_lines": 0, "percent_statements_covered": 82.6086956521739, "percent_statements_covered_display": "83"}, "missing_lines": [113, 166, 167, 174], "excluded_lines": []}, "generate_key_pair": {"executed_lines": [180, 183, 184, 197, 200, 201, 202, 203, 204, 206, 207, 208, 209, 217, 219, 220, 226, 227, 228, 229, 231, 232, 254, 257, 258, 259, 260, 261, 263, 264, 265, 270, 271, 275, 279, 280, 281, 282, 284, 290, 293, 294, 302, 303, 304, 306, 310, 311, 312, 314, 337, 340, 342, 343, 345, 346, 347, 349, 351, 352], "summary": {"covered_lines": 60, "num_statements": 82, "percent_covered": 73.17073170731707, "percent_covered_display": "73", "missing_lines": 22, "excluded_lines": 0, "percent_statements_covered": 73.17073170731707, "percent_statements_covered_display": "73"}, "missing_lines": [181, 198, 210, 211, 212, 213, 215, 221, 222, 224, 255, 266, 267, 268, 272, 273, 276, 277, 291, 307, 308, 338], "excluded_lines": []}, "import_cert_file": {"executed_lines": [362, 369, 372, 373, 374, 387, 388, 389, 390, 391], "summary": {"covered_lines": 10, "num_statements": 11, "percent_covered": 90.9090909090909, "percent_covered_display": "91", "missing_lines": 1, "excluded_lines": 0, "percent_statements_covered": 90.9090909090909, "percent_statements_covered_display": "91"}, "missing_lines": [370], "excluded_lines": []}, "import_cert_from_url": {"executed_lines": [], "summary": {"covered_lines": 0, "num_statements": 28, "percent_covered": 0.0, "percent_covered_display": "0", "missing_lines": 28, "excluded_lines": 0, "percent_statements_covered": 0.0, "percent_statements_covered_display": "0"}, "missing_lines": [395, 402, 403, 405, 406, 407, 408, 409, 411, 412, 413, 415, 424, 432, 433, 434, 436, 437, 439, 440, 441, 443, 444, 445, 458, 459, 461, 462], "excluded_lines": []}, "rename_entry_alias": {"executed_lines": [470, 473, 480, 481, 483, 484, 487, 488, 489, 491, 504, 505, 510, 511, 512, 513, 514, 515], "summary": {"covered_lines": 18, "num_statements": 26, "percent_covered": 69.23076923076923, "percent_covered_display": "69", "missing_lines": 8, "excluded_lines": 0, "percent_statements_covered": 69.23076923076923, "percent_statements_covered_display": "69"}, "missing_lines": [471, 485, 506, 507, 508, 517, 518, 519], "excluded_lines": []}, "delete_entry": {"executed_lines": [523, 524, 525, 526, 527, 528, 529, 530, 531, 532, 533, 534, 535, 536, 537, 538, 539, 540, 541, 542, 543, 544, 545, 546, 547, 548, 558, 559, 560, 561, 567], "summary": {"covered_lines": 31, "num_statements": 38, "percent_covered": 81.57894736842105, "percent_covered_display": "82", "missing_lines": 7, "excluded_lines": 0, "percent_statements_covered": 81.57894736842105, "percent_statements_covered_display": "82"}, "missing_lines": [562, 563, 564, 565, 566, 568, 569], "excluded_lines": []}, "change_keystore_password": {"executed_lines": [573, 580, 583, 584, 586, 595, 596, 597, 620, 621, 634, 635, 636, 637, 638, 648, 649, 650, 671, 673, 674, 675, 676, 677, 678], "summary": {"covered_lines": 25, "num_statements": 48, "percent_covered": 52.083333333333336, "percent_covered_display": "52", "missing_lines": 23, "excluded_lines": 0, "percent_statements_covered": 52.083333333333336, "percent_statements_covered_display": "52"}, "missing_lines": [581, 587, 589, 590, 591, 592, 593, 611, 612, 614, 615, 616, 617, 618, 639, 640, 642, 643, 644, 645, 646, 668, 669], "excluded_lines": []}, "open_keystore": {"executed_lines": [], "summary": {"covered_lines": 0, "num_statements": 27, "percent_covered": 0.0, "percent_covered_display": "0", "missing_lines": 27, "excluded_lines": 0, "percent_statements_covered": 0.0, "percent_statements_covered_display": "0"}, "missing_lines": [682, 683, 684, 686, 688, 690, 691, 692, 693, 694, 695, 696, 697, 699, 700, 701, 702, 703, 704, 705, 707, 708, 710, 711, 713, 715, 716], "excluded_lines": []}, "": {"executed_lines": [1, 3, 5, 6, 7, 8, 9, 10, 11, 12, 14, 16, 17, 18, 19, 20, 23, 32, 57, 95, 177, 361, 394, 465, 522, 572, 681], "summary": {"covered_lines": 26, "num_statements": 26, "percent_covered": 100.0, "percent_covered_display": "100", "missing_lines": 0, "excluded_lines": 0, "percent_statements_covered": 100.0, "percent_statements_covered_display": "100"}, "missing_lines": [], "excluded_lines": []}}, "classes": {"": {"executed_lines": [1, 3, 5, 6, 7, 8, 9, 10, 11, 12, 14, 16, 17, 18, 19, 20, 23, 32, 39, 40, 41, 42, 43, 44, 45, 46, 47, 57, 58, 66, 69, 70, 72, 73, 91, 92, 95, 96, 112, 115, 116, 118, 119, 120, 122, 124, 140, 141, 143, 163, 164, 165, 169, 170, 172, 173, 177, 180, 183, 184, 197, 200, 201, 202, 203, 204, 206, 207, 208, 209, 217, 219, 220, 226, 227, 228, 229, 231, 232, 254, 257, 258, 259, 260, 261, 263, 264, 265, 270, 271, 275, 279, 280, 281, 282, 284, 290, 293, 294, 302, 303, 304, 306, 310, 311, 312, 314, 337, 340, 342, 343, 345, 346, 347, 349, 351, 352, 361, 362, 369, 372, 373, 374, 387, 388, 389, 390, 391, 394, 465, 470, 473, 480, 481, 483, 484, 487, 488, 489, 491, 504, 505, 510, 511, 512, 513, 514, 515, 522, 523, 524, 525, 526, 527, 528, 529, 530, 531, 532, 533, 534, 535, 536, 537, 538, 539, 540, 541, 542, 543, 544, 545, 546, 547, 548, 558, 559, 560, 561, 567, 572, 573, 580, 583, 584, 586, 595, 596, 597, 620, 621, 634, 635, 636, 637, 638, 648, 649, 650, 671, 673, 674, 675, 676, 677, 678, 681], "summary": {"covered_lines": 206, "num_statements": 339, "percent_covered": 60.766961651917406, "percent_covered_display": "61", "missing_lines": 133, "excluded_lines": 0, "percent_statements_covered": 60.766961651917406, "percent_statements_covered_display": "61"}, "missing_lines": [25, 26, 27, 28, 29, 48, 49, 50, 51, 52, 53, 54, 67, 113, 166, 167, 174, 181, 198, 210, 211, 212, 213, 215, 221, 222, 224, 255, 266, 267, 268, 272, 273, 276, 277, 291, 307, 308, 338, 370, 395, 402, 403, 405, 406, 407, 408, 409, 411, 412, 413, 415, 424, 432, 433, 434, 436, 437, 439, 440, 441, 443, 444, 445, 458, 459, 461, 462, 471, 485, 506, 507, 508, 517, 518, 519, 562, 563, 564, 565, 566, 568, 569, 581, 587, 589, 590, 591, 592, 593, 611, 612, 614, 615, 616, 617, 618, 639, 640, 642, 643, 644, 645, 646, 668, 669, 682, 683, 684, 686, 688, 690, 691, 692, 693, 694, 695, 696, 697, 699, 700, 701, 702, 703, 704, 705, 707, 708, 710, 711, 713, 715, 716], "excluded_lines": []}}}, "keyzerchief_app/menu.py": {"executed_lines": [1, 3, 5, 6, 8, 17, 18, 19, 20, 21, 24, 25, 45, 46, 47, 50, 51, 52, 53, 55, 58, 59, 67, 70, 71, 74, 76, 83, 90, 91, 93, 94, 95, 96, 97, 98, 100, 101, 102, 104, 105, 106, 107, 109, 111, 116, 118, 119, 121, 122, 123, 130, 131, 133, 188, 189, 190, 191, 192, 193, 194, 195, 197, 198, 200, 201, 202, 203, 204, 205, 206, 207, 209, 210, 212, 213, 214, 216, 217, 219, 223, 227, 228, 229, 230, 231, 232, 234, 235, 241, 242, 243, 244, 245, 247, 249, 250, 251, 252, 253, 255, 256, 257, 270, 272, 273, 274, 275, 276], "summary": {"covered_lines": 108, "num_statements": 189, "percent_covered": 57.142857142857146, "percent_covered_display": "57", "missing_lines": 81, "excluded_lines": 0, "percent_statements_covered": 57.142857142857146, "percent_statements_covered_display": "57"}, "missing_lines": [68, 72, 134, 135, 136, 137, 138, 139, 140, 141, 142, 143, 144, 145, 146, 147, 148, 149, 150, 151, 152, 153, 154, 155, 156, 158, 159, 163, 164, 165, 166, 167, 168, 169, 170, 171, 172, 173, 174, 175, 176, 177, 178, 179, 180, 181, 182, 183, 184, 185, 186, 196, 208, 220, 221, 224, 225, 233, 236, 237, 238, 239, 240, 246, 254, 258, 259, 260, 261, 262, 263, 264, 265, 266, 267, 268, 269, 278, 279, 280, 281], "excluded_lines": [], "functions": {"handle_filter_popup": {"executed_lines": [25, 45, 46, 47], "summary": {"covered_lines": 4, "num_statements": 4, "percent_covered": 100.0, "percent_covered_display": "100", "missing_lines": 0, "excluded_lines": 0, "percent_statements_covered": 100.0, "percent_statements_covered_display": "100"}, "missing_lines": [], "excluded_lines": []}, "handle_toggle_mouse": {"executed_lines": [51, 52, 53, 55], "summary": {"covered_lines": 4, "num_statements": 4, "percent_covered": 100.0, "percent_covered_display": "100", "missing_lines": 0, "excluded_lines": 0, "percent_statements_covered": 100.0, "percent_statements_covered_display": "100"}, "missing_lines": [], "excluded_lines": []}, "handle_search_content": {"executed_lines": [59, 67, 70, 71, 74], "summary": {"covered_lines": 5, "num_statements": 7, "percent_covered": 71.42857142857143, "percent_covered_display": "71", "missing_lines": 2, "excluded_lines": 0, "percent_statements_covered": 71.42857142857143, "percent_statements_covered_display": "71"}, "missing_lines": [68, 72], "excluded_lines": []}, "menu_modal": {"executed_lines": [83, 90, 91, 93, 121, 122, 123, 130, 131, 133, 188, 189, 190, 191, 192, 193, 194, 195, 197, 198, 200, 201, 202, 203, 204, 205, 206, 207, 209, 210, 212, 213, 214, 216, 217, 219, 223, 227, 228, 229, 230, 231, 232, 234, 235, 241, 242, 243, 244, 245, 247, 249, 250, 251, 252, 253, 255, 256, 257, 270, 272, 273, 274, 275, 276], "summary": {"covered_lines": 65, "num_statements": 144, "percent_covered": 45.138888888888886, "percent_covered_display": "45", "missing_lines": 79, "excluded_lines": 0, "percent_statements_covered": 45.138888888888886, "percent_statements_covered_display": "45"}, "missing_lines": [134, 135, 136, 137, 138, 139, 140, 141, 142, 143, 144, 145, 146, 147, 148, 149, 150, 151, 152, 153, 154, 155, 156, 158, 159, 163, 164, 165, 166, 167, 168, 169, 170, 171, 172, 173, 174, 175, 176, 177, 178, 179, 180, 181, 182, 183, 184, 185, 186, 196, 208, 220, 221, 224, 225, 233, 236, 237, 238, 239, 240, 246, 254, 258, 259, 260, 261, 262, 263, 264, 265, 266, 267, 268, 269, 278, 279, 280, 281], "excluded_lines": []}, "menu_modal.draw_submenu": {"executed_lines": [94, 95, 96, 97, 98, 100, 101, 102, 104, 105, 106, 107, 109, 111, 116, 118, 119], "summary": {"covered_lines": 17, "num_statements": 17, "percent_covered": 100.0, "percent_covered_display": "100", "missing_lines": 0, "excluded_lines": 0, "percent_statements_covered": 100.0, "percent_statements_covered_display": "100"}, "missing_lines": [], "excluded_lines": []}, "": {"executed_lines": [1, 3, 5, 6, 8, 17, 18, 19, 20, 21, 24, 50, 58, 76], "summary": {"covered_lines": 13, "num_statements": 13, "percent_covered": 100.0, "percent_covered_display": "100", "missing_lines": 0, "excluded_lines": 0, "percent_statements_covered": 100.0, "percent_statements_covered_display": "100"}, "missing_lines": [], "excluded_lines": []}}, "classes": {"": {"executed_lines": [1, 3, 5, 6, 8, 17, 18, 19, 20, 21, 24, 25, 45, 46, 47, 50, 51, 52, 53, 55, 58, 59, 67, 70, 71, 74, 76, 83, 90, 91, 93, 94, 95, 96, 97, 98, 100, 101, 102, 104, 105, 106, 107, 109, 111, 116, 118, 119, 121, 122, 123, 130, 131, 133, 188, 189, 190, 191, 192, 193, 194, 195, 197, 198, 200, 201, 202, 203, 204, 205, 206, 207, 209, 210, 212, 213, 214, 216, 217, 219, 223, 227, 228, 229, 230, 231, 232, 234, 235, 241, 242, 243, 244, 245, 247, 249, 250, 251, 252, 253, 255, 256, 257, 270, 272, 273, 274, 275, 276], "summary": {"covered_lines": 108, "num_statements": 189, "percent_covered": 57.142857142857146, "percent_covered_display": "57", "missing_lines": 81, "excluded_lines": 0, "percent_statements_covered": 57.142857142857146, "percent_statements_covered_display": "57"}, "missing_lines": [68, 72, 134, 135, 136, 137, 138, 139, 140, 141, 142, 143, 144, 145, 146, 147, 148, 149, 150, 151, 152, 153, 154, 155, 156, 158, 159, 163, 164, 165, 166, 167, 168, 169, 170, 171, 172, 173, 174, 175, 176, 177, 178, 179, 180, 181, 182, 183, 184, 185, 186, 196, 208, 220, 221, 224, 225, 233, 236, 237, 238, 239, 240, 246, 254, 258, 259, 260, 261, 262, 263, 264, 265, 266, 267, 268, 269, 278, 279, 280, 281], "excluded_lines": []}}}, "keyzerchief_app/state.py": {"executed_lines": [1, 3, 5, 6, 7, 10, 12, 22, 23, 24, 26, 27, 28, 29, 30, 31, 32, 33, 35, 36, 38, 39], "summary": {"covered_lines": 20, "num_statements": 20, "percent_covered": 100.0, "percent_covered_display": "100", "missing_lines": 0, "excluded_lines": 0, "percent_statements_covered": 100.0, "percent_statements_covered_display": "100"}, "missing_lines": [], "excluded_lines": [], "functions": {"default_filter_state": {"executed_lines": [12], "summary": {"covered_lines": 1, "num_statements": 1, "percent_covered": 100.0, "percent_covered_display": "100", "missing_lines": 0, "excluded_lines": 0, "percent_statements_covered": 100.0, "percent_statements_covered_display": "100"}, "missing_lines": [], "excluded_lines": []}, "AppState.mark_dirty": {"executed_lines": [36], "summary": {"covered_lines": 1, "num_statements": 1, "percent_covered": 100.0, "percent_covered_display": "100", "missing_lines": 0, "excluded_lines": 0, "percent_statements_covered": 100.0, "percent_statements_covered_display": "100"}, "missing_lines": [], "excluded_lines": []}, "AppState.mark_clean": {"executed_lines": [39], "summary": {"covered_lines": 1, "num_statements": 1, "percent_covered": 100.0, "percent_covered_display": "100", "missing_lines": 0, "excluded_lines": 0, "percent_statements_covered": 100.0, "percent_statements_covered_display": "100"}, "missing_lines": [], "excluded_lines": []}, "": {"executed_lines": [1, 3, 5, 6, 7, 10, 22, 23, 24, 26, 27, 28, 29, 30, 31, 32, 33, 35, 38], "summary": {"covered_lines": 17, "num_statements": 17, "percent_covered": 100.0, "percent_covered_display": "100", "missing_lines": 0, "excluded_lines": 0, "percent_statements_covered": 100.0, "percent_statements_covered_display": "100"}, "missing_lines": [], "excluded_lines": []}}, "classes": {"AppState": {"executed_lines": [36, 39], "summary": {"covered_lines": 2, "num_statements": 2, "percent_covered": 100.0, "percent_covered_display": "100", "missing_lines": 0, "excluded_lines": 0, "percent_statements_covered": 100.0, "percent_statements_covered_display": "100"}, "missing_lines": [], "excluded_lines": []}, "": {"executed_lines": [1, 3, 5, 6, 7, 10, 12, 22, 23, 24, 26, 27, 28, 29, 30, 31, 32, 33, 35, 38], "summary": {"covered_lines": 18, "num_statements": 18, "percent_covered": 100.0, "percent_covered_display": "100", "missing_lines": 0, "excluded_lines": 0, "percent_statements_covered": 100.0, "percent_statements_covered_display": "100"}, "missing_lines": [], "excluded_lines": []}}}, "keyzerchief_app/ui/__init__.py": {"executed_lines": [1, 3], "summary": {"covered_lines": 1, "num_statements": 1, "percent_covered": 100.0, "percent_covered_display": "100", "missing_lines": 0, "excluded_lines": 0, "percent_statements_covered": 100.0, "percent_statements_covered_display": "100"}, "missing_lines": [], "excluded_lines": [], "functions": {"": {"executed_lines": [1, 3], "summary": {"covered_lines": 1, "num_statements": 1, "percent_covered": 100.0, "percent_covered_display": "100", "missing_lines": 0, "excluded_lines": 0, "percent_statements_covered": 100.0, "percent_statements_covered_display": "100"}, "missing_lines": [], "excluded_lines": []}}, "classes": {"": {"executed_lines": [1, 3], "summary": {"covered_lines": 1, "num_statements": 1, "percent_covered": 100.0, "percent_covered_display": "100", "missing_lines": 0, "excluded_lines": 0, "percent_statements_covered": 100.0, "percent_statements_covered_display": "100"}, "missing_lines": [], "excluded_lines": []}}}, "keyzerchief_app/ui/intro.py": {"executed_lines": [1, 3, 4, 6, 7, 8, 9, 10, 11, 13, 14, 24, 25, 28, 31, 38, 46, 66, 84, 95, 108], "summary": {"covered_lines": 20, "num_statements": 131, "percent_covered": 15.267175572519085, "percent_covered_display": "15", "missing_lines": 111, "excluded_lines": 0, "percent_statements_covered": 15.267175572519085, "percent_statements_covered_display": "15"}, "missing_lines": [33, 34, 35, 39, 40, 41, 42, 43, 47, 48, 49, 50, 51, 52, 53, 54, 55, 56, 57, 58, 59, 60, 61, 62, 63, 67, 68, 69, 70, 71, 72, 73, 74, 75, 76, 78, 79, 80, 81, 85, 86, 87, 88, 89, 90, 91, 92, 96, 97, 98, 99, 100, 101, 102, 103, 104, 105, 109, 110, 111, 112, 113, 114, 115, 116, 117, 118, 119, 121, 122, 123, 124, 125, 126, 127, 128, 129, 130, 131, 132, 134, 135, 136, 137, 138, 139, 140, 141, 142, 143, 144, 145, 146, 147, 148, 149, 150, 151, 152, 153, 154, 155, 156, 157, 158, 159, 160, 161, 162, 163, 164], "excluded_lines": [], "functions": {"get_logo_lines": {"executed_lines": [], "summary": {"covered_lines": 0, "num_statements": 3, "percent_covered": 0.0, "percent_covered_display": "0", "missing_lines": 3, "excluded_lines": 0, "percent_statements_covered": 0.0, "percent_statements_covered_display": "0"}, "missing_lines": [33, 34, 35], "excluded_lines": []}, "popup_box": {"executed_lines": [], "summary": {"covered_lines": 0, "num_statements": 5, "percent_covered": 0.0, "percent_covered_display": "0", "missing_lines": 5, "excluded_lines": 0, "percent_statements_covered": 0.0, "percent_statements_covered_display": "0"}, "missing_lines": [39, 40, 41, 42, 43], "excluded_lines": []}, "intro_window": {"executed_lines": [], "summary": {"covered_lines": 0, "num_statements": 17, "percent_covered": 0.0, "percent_covered_display": "0", "missing_lines": 17, "excluded_lines": 0, "percent_statements_covered": 0.0, "percent_statements_covered_display": "0"}, "missing_lines": [47, 48, 49, 50, 51, 52, 53, 54, 55, 56, 57, 58, 59, 60, 61, 62, 63], "excluded_lines": []}, "show_logo": {"executed_lines": [], "summary": {"covered_lines": 0, "num_statements": 14, "percent_covered": 0.0, "percent_covered_display": "0", "missing_lines": 14, "excluded_lines": 0, "percent_statements_covered": 0.0, "percent_statements_covered_display": "0"}, "missing_lines": [67, 68, 69, 70, 71, 72, 73, 74, 75, 76, 78, 79, 80, 81], "excluded_lines": []}, "fade_logo": {"executed_lines": [], "summary": {"covered_lines": 0, "num_statements": 8, "percent_covered": 0.0, "percent_covered_display": "0", "missing_lines": 8, "excluded_lines": 0, "percent_statements_covered": 0.0, "percent_statements_covered_display": "0"}, "missing_lines": [85, 86, 87, 88, 89, 90, 91, 92], "excluded_lines": []}, "shake_logo": {"executed_lines": [], "summary": {"covered_lines": 0, "num_statements": 10, "percent_covered": 0.0, "percent_covered_display": "0", "missing_lines": 10, "excluded_lines": 0, "percent_statements_covered": 0.0, "percent_statements_covered_display": "0"}, "missing_lines": [96, 97, 98, 99, 100, 101, 102, 103, 104, 105], "excluded_lines": []}, "prompt_password": {"executed_lines": [], "summary": {"covered_lines": 0, "num_statements": 54, "percent_covered": 0.0, "percent_covered_display": "0", "missing_lines": 54, "excluded_lines": 0, "percent_statements_covered": 0.0, "percent_statements_covered_display": "0"}, "missing_lines": [109, 110, 111, 112, 113, 114, 115, 116, 117, 118, 119, 121, 122, 123, 124, 125, 126, 127, 128, 129, 130, 131, 132, 134, 135, 136, 137, 138, 139, 140, 141, 142, 143, 144, 145, 146, 147, 148, 149, 150, 151, 152, 153, 154, 155, 156, 157, 158, 159, 160, 161, 162, 163, 164], "excluded_lines": []}, "": {"executed_lines": [1, 3, 4, 6, 7, 8, 9, 10, 11, 13, 14, 24, 25, 28, 31, 38, 46, 66, 84, 95, 108], "summary": {"covered_lines": 20, "num_statements": 20, "percent_covered": 100.0, "percent_covered_display": "100", "missing_lines": 0, "excluded_lines": 0, "percent_statements_covered": 100.0, "percent_statements_covered_display": "100"}, "missing_lines": [], "excluded_lines": []}}, "classes": {"": {"executed_lines": [1, 3, 4, 6, 7, 8, 9, 10, 11, 13, 14, 24, 25, 28, 31, 38, 46, 66, 84, 95, 108], "summary": {"covered_lines": 20, "num_statements": 131, "percent_covered": 15.267175572519085, "percent_covered_display": "15", "missing_lines": 111, "excluded_lines": 0, "percent_statements_covered": 15.267175572519085, "percent_statements_covered_display": "15"}, "missing_lines": [33, 34, 35, 39, 40, 41, 42, 43, 47, 48, 49, 50, 51, 52, 53, 54, 55, 56, 57, 58, 59, 60, 61, 62, 63, 67, 68, 69, 70, 71, 72, 73, 74, 75, 76, 78, 79, 80, 81, 85, 86, 87, 88, 89, 90, 91, 92, 96, 97, 98, 99, 100, 101, 102, 103, 104, 105, 109, 110, 111, 112, 113, 114, 115, 116, 117, 118, 119, 121, 122, 123, 124, 125, 126, 127, 128, 129, 130, 131, 132, 134, 135, 136, 137, 138, 139, 140, 141, 142, 143, 144, 145, 146, 147, 148, 149, 150, 151, 152, 153, 154, 155, 156, 157, 158, 159, 160, 161, 162, 163, 164], "excluded_lines": []}}}, "keyzerchief_app/ui/layout.py": {"executed_lines": [1, 3, 4, 6, 7, 9, 31, 34, 38, 39, 40, 41, 42, 43, 48, 49, 52, 70, 72, 73, 74, 75, 76, 77, 79, 80, 81, 82, 83, 84, 87, 98], "summary": {"covered_lines": 31, "num_statements": 174, "percent_covered": 17.816091954022987, "percent_covered_display": "18", "missing_lines": 143, "excluded_lines": 0, "percent_statements_covered": 17.816091954022987, "percent_statements_covered_display": "18"}, "missing_lines": [56, 57, 58, 59, 65, 66, 67, 89, 90, 91, 92, 93, 94, 95, 109, 110, 112, 113, 114, 115, 117, 118, 119, 121, 122, 124, 125, 126, 127, 129, 130, 131, 132, 133, 135, 136, 137, 138, 139, 140, 141, 142, 143, 144, 145, 146, 147, 148, 150, 151, 152, 153, 154, 155, 156, 158, 159, 160, 161, 162, 163, 165, 166, 167, 168, 169, 170, 171, 173, 175, 176, 177, 178, 180, 182, 183, 185, 186, 188, 189, 191, 192, 193, 194, 195, 196, 197, 198, 199, 200, 201, 203, 204, 205, 206, 207, 209, 211, 212, 213, 214, 215, 216, 217, 218, 219, 220, 221, 222, 223, 224, 225, 226, 227, 228, 230, 232, 233, 234, 235, 236, 237, 238, 239, 240, 241, 242, 243, 244, 245, 246, 247, 248, 249, 250, 251, 253, 254, 256, 257, 259, 260, 261], "excluded_lines": [], "functions": {"draw_footer": {"executed_lines": [38, 39, 40, 41, 42, 43, 48, 49], "summary": {"covered_lines": 8, "num_statements": 8, "percent_covered": 100.0, "percent_covered_display": "100", "missing_lines": 0, "excluded_lines": 0, "percent_statements_covered": 100.0, "percent_statements_covered_display": "100"}, "missing_lines": [], "excluded_lines": []}, "highlight_footer_key": {"executed_lines": [], "summary": {"covered_lines": 0, "num_statements": 7, "percent_covered": 0.0, "percent_covered_display": "0", "missing_lines": 7, "excluded_lines": 0, "percent_statements_covered": 0.0, "percent_statements_covered_display": "0"}, "missing_lines": [56, 57, 58, 59, 65, 66, 67], "excluded_lines": []}, "draw_menu_bar": {"executed_lines": [72, 73, 74, 75, 76, 77, 79, 80, 81, 82, 83, 84], "summary": {"covered_lines": 12, "num_statements": 12, "percent_covered": 100.0, "percent_covered_display": "100", "missing_lines": 0, "excluded_lines": 0, "percent_statements_covered": 100.0, "percent_statements_covered_display": "100"}, "missing_lines": [], "excluded_lines": []}, "draw_clock": {"executed_lines": [], "summary": {"covered_lines": 0, "num_statements": 7, "percent_covered": 0.0, "percent_covered_display": "0", "missing_lines": 7, "excluded_lines": 0, "percent_statements_covered": 0.0, "percent_statements_covered_display": "0"}, "missing_lines": [89, 90, 91, 92, 93, 94, 95], "excluded_lines": []}, "draw_ui": {"executed_lines": [], "summary": {"covered_lines": 0, "num_statements": 129, "percent_covered": 0.0, "percent_covered_display": "0", "missing_lines": 129, "excluded_lines": 0, "percent_statements_covered": 0.0, "percent_statements_covered_display": "0"}, "missing_lines": [109, 110, 112, 113, 114, 115, 117, 118, 119, 121, 122, 124, 125, 126, 127, 129, 130, 131, 132, 133, 135, 136, 137, 138, 139, 140, 141, 142, 143, 144, 145, 146, 147, 148, 150, 151, 152, 153, 154, 155, 156, 158, 159, 160, 161, 162, 163, 165, 166, 167, 168, 169, 170, 171, 173, 175, 176, 177, 178, 180, 182, 183, 185, 186, 188, 189, 191, 192, 193, 194, 195, 196, 197, 198, 199, 200, 201, 203, 204, 205, 206, 207, 209, 211, 212, 213, 214, 215, 216, 217, 218, 219, 220, 221, 222, 223, 224, 225, 226, 227, 228, 230, 232, 233, 234, 235, 236, 237, 238, 239, 240, 241, 242, 243, 244, 245, 246, 247, 248, 249, 250, 251, 253, 254, 256, 257, 259, 260, 261], "excluded_lines": []}, "": {"executed_lines": [1, 3, 4, 6, 7, 9, 31, 34, 52, 70, 87, 98], "summary": {"covered_lines": 11, "num_statements": 11, "percent_covered": 100.0, "percent_covered_display": "100", "missing_lines": 0, "excluded_lines": 0, "percent_statements_covered": 100.0, "percent_statements_covered_display": "100"}, "missing_lines": [], "excluded_lines": []}}, "classes": {"": {"executed_lines": [1, 3, 4, 6, 7, 9, 31, 34, 38, 39, 40, 41, 42, 43, 48, 49, 52, 70, 72, 73, 74, 75, 76, 77, 79, 80, 81, 82, 83, 84, 87, 98], "summary": {"covered_lines": 31, "num_statements": 174, "percent_covered": 17.816091954022987, "percent_covered_display": "18", "missing_lines": 143, "excluded_lines": 0, "percent_statements_covered": 17.816091954022987, "percent_statements_covered_display": "18"}, "missing_lines": [56, 57, 58, 59, 65, 66, 67, 89, 90, 91, 92, 93, 94, 95, 109, 110, 112, 113, 114, 115, 117, 118, 119, 121, 122, 124, 125, 126, 127, 129, 130, 131, 132, 133, 135, 136, 137, 138, 139, 140, 141, 142, 143, 144, 145, 146, 147, 148, 150, 151, 152, 153, 154, 155, 156, 158, 159, 160, 161, 162, 163, 165, 166, 167, 168, 169, 170, 171, 173, 175, 176, 177, 178, 180, 182, 183, 185, 186, 188, 189, 191, 192, 193, 194, 195, 196, 197, 198, 199, 200, 201, 203, 204, 205, 206, 207, 209, 211, 212, 213, 214, 215, 216, 217, 218, 219, 220, 221, 222, 223, 224, 225, 226, 227, 228, 230, 232, 233, 234, 235, 236, 237, 238, 239, 240, 241, 242, 243, 244, 245, 246, 247, 248, 249, 250, 251, 253, 254, 256, 257, 259, 260, 261], "excluded_lines": []}}}, "keyzerchief_app/ui/popups.py": {"executed_lines": [1, 3, 5, 6, 7, 8, 10, 21, 23, 24, 25, 26, 27, 28, 29, 30, 31, 32, 35, 37, 38, 39, 40, 43, 148, 387, 491], "summary": {"covered_lines": 26, "num_statements": 341, "percent_covered": 7.624633431085044, "percent_covered_display": "8", "missing_lines": 315, "excluded_lines": 0, "percent_statements_covered": 7.624633431085044, "percent_statements_covered_display": "8"}, "missing_lines": [50, 51, 52, 53, 54, 56, 57, 58, 60, 61, 62, 63, 65, 66, 67, 68, 69, 70, 77, 78, 79, 80, 82, 83, 85, 86, 88, 90, 91, 92, 93, 94, 95, 96, 98, 99, 100, 101, 102, 103, 105, 106, 107, 108, 109, 110, 111, 112, 114, 116, 118, 120, 121, 122, 123, 124, 125, 126, 127, 128, 129, 130, 131, 132, 134, 135, 136, 137, 138, 139, 140, 142, 143, 144, 145, 162, 163, 164, 165, 166, 167, 169, 170, 171, 172, 173, 174, 175, 177, 181, 182, 183, 185, 186, 187, 189, 190, 192, 193, 194, 195, 197, 198, 199, 200, 201, 202, 204, 205, 206, 207, 208, 209, 210, 211, 212, 214, 215, 217, 219, 220, 222, 223, 225, 226, 227, 228, 229, 230, 231, 233, 234, 235, 237, 238, 239, 241, 242, 243, 244, 246, 247, 248, 249, 254, 256, 257, 258, 262, 263, 264, 265, 266, 267, 269, 270, 272, 273, 275, 276, 278, 280, 281, 282, 284, 285, 286, 288, 289, 291, 292, 299, 300, 301, 302, 303, 304, 306, 307, 308, 309, 310, 311, 312, 314, 315, 317, 318, 320, 321, 323, 324, 325, 326, 327, 328, 329, 330, 331, 333, 334, 335, 336, 337, 338, 340, 341, 342, 343, 344, 346, 348, 349, 350, 351, 352, 353, 354, 355, 356, 357, 362, 363, 364, 365, 366, 367, 368, 369, 370, 371, 373, 374, 375, 376, 377, 378, 382, 383, 384, 389, 391, 392, 394, 430, 431, 432, 433, 434, 435, 436, 438, 439, 440, 442, 443, 445, 446, 448, 449, 450, 452, 453, 454, 456, 457, 458, 459, 460, 461, 462, 463, 464, 466, 467, 468, 470, 472, 473, 474, 475, 476, 477, 478, 479, 480, 481, 482, 483, 484, 485, 487, 488, 493, 494, 495, 496, 497, 498, 499, 500, 502, 503, 504, 505, 506, 507, 508, 509, 510, 511, 512, 513, 514, 515], "excluded_lines": [], "functions": {"popup_box": {"executed_lines": [23, 24, 25, 26, 27, 28, 29, 30, 31, 32], "summary": {"covered_lines": 10, "num_statements": 10, "percent_covered": 100.0, "percent_covered_display": "100", "missing_lines": 0, "excluded_lines": 0, "percent_statements_covered": 100.0, "percent_statements_covered_display": "100"}, "missing_lines": [], "excluded_lines": []}, "clear_window": {"executed_lines": [37, 38, 39, 40], "summary": {"covered_lines": 4, "num_statements": 4, "percent_covered": 100.0, "percent_covered_display": "100", "missing_lines": 0, "excluded_lines": 0, "percent_statements_covered": 100.0, "percent_statements_covered_display": "100"}, "missing_lines": [], "excluded_lines": []}, "file_picker": {"executed_lines": [], "summary": {"covered_lines": 0, "num_statements": 75, "percent_covered": 0.0, "percent_covered_display": "0", "missing_lines": 75, "excluded_lines": 0, "percent_statements_covered": 0.0, "percent_statements_covered_display": "0"}, "missing_lines": [50, 51, 52, 53, 54, 56, 57, 58, 60, 61, 62, 63, 65, 66, 67, 68, 69, 70, 77, 78, 79, 80, 82, 83, 85, 86, 88, 90, 91, 92, 93, 94, 95, 96, 98, 99, 100, 101, 102, 103, 105, 106, 107, 108, 109, 110, 111, 112, 114, 116, 118, 120, 121, 122, 123, 124, 125, 126, 127, 128, 129, 130, 131, 132, 134, 135, 136, 137, 138, 139, 140, 142, 143, 144, 145], "excluded_lines": []}, "popup_form": {"executed_lines": [], "summary": {"covered_lines": 0, "num_statements": 144, "percent_covered": 0.0, "percent_covered_display": "0", "missing_lines": 144, "excluded_lines": 0, "percent_statements_covered": 0.0, "percent_statements_covered_display": "0"}, "missing_lines": [162, 163, 164, 165, 166, 167, 169, 170, 171, 172, 173, 174, 175, 177, 181, 182, 183, 185, 186, 187, 189, 190, 192, 219, 220, 222, 223, 225, 226, 227, 228, 229, 230, 231, 233, 234, 235, 237, 238, 239, 241, 242, 243, 244, 246, 247, 248, 249, 254, 256, 257, 258, 262, 263, 264, 265, 266, 267, 269, 270, 272, 273, 275, 276, 278, 280, 281, 282, 284, 285, 286, 288, 289, 291, 292, 299, 300, 301, 302, 303, 304, 306, 307, 308, 309, 310, 311, 312, 314, 315, 317, 318, 320, 321, 323, 324, 325, 326, 327, 328, 329, 330, 331, 333, 334, 335, 336, 337, 338, 340, 341, 342, 343, 344, 346, 348, 349, 350, 351, 352, 353, 354, 355, 356, 357, 362, 363, 364, 365, 366, 367, 368, 369, 370, 371, 373, 374, 375, 376, 377, 378, 382, 383, 384], "excluded_lines": []}, "popup_form.compute_visible_options": {"executed_lines": [], "summary": {"covered_lines": 0, "num_statements": 21, "percent_covered": 0.0, "percent_covered_display": "0", "missing_lines": 21, "excluded_lines": 0, "percent_statements_covered": 0.0, "percent_statements_covered_display": "0"}, "missing_lines": [193, 194, 195, 197, 198, 199, 200, 201, 202, 204, 205, 206, 207, 208, 209, 210, 211, 212, 214, 215, 217], "excluded_lines": []}, "show_help_popup": {"executed_lines": [], "summary": {"covered_lines": 0, "num_statements": 52, "percent_covered": 0.0, "percent_covered_display": "0", "missing_lines": 52, "excluded_lines": 0, "percent_statements_covered": 0.0, "percent_statements_covered_display": "0"}, "missing_lines": [389, 391, 394, 430, 431, 432, 433, 434, 435, 436, 438, 439, 440, 442, 443, 445, 446, 448, 449, 450, 452, 453, 454, 456, 457, 458, 459, 460, 461, 462, 463, 464, 466, 467, 468, 470, 472, 473, 474, 475, 476, 477, 478, 479, 480, 481, 482, 483, 484, 485, 487, 488], "excluded_lines": []}, "show_help_popup.format_item": {"executed_lines": [], "summary": {"covered_lines": 0, "num_statements": 1, "percent_covered": 0.0, "percent_covered_display": "0", "missing_lines": 1, "excluded_lines": 0, "percent_statements_covered": 0.0, "percent_statements_covered_display": "0"}, "missing_lines": [392], "excluded_lines": []}, "prompt_import_key_type": {"executed_lines": [], "summary": {"covered_lines": 0, "num_statements": 22, "percent_covered": 0.0, "percent_covered_display": "0", "missing_lines": 22, "excluded_lines": 0, "percent_statements_covered": 0.0, "percent_statements_covered_display": "0"}, "missing_lines": [493, 494, 495, 496, 497, 498, 499, 500, 502, 503, 504, 505, 506, 507, 508, 509, 510, 511, 512, 513, 514, 515], "excluded_lines": []}, "": {"executed_lines": [1, 3, 5, 6, 7, 8, 10, 21, 35, 43, 148, 387, 491], "summary": {"covered_lines": 12, "num_statements": 12, "percent_covered": 100.0, "percent_covered_display": "100", "missing_lines": 0, "excluded_lines": 0, "percent_statements_covered": 100.0, "percent_statements_covered_display": "100"}, "missing_lines": [], "excluded_lines": []}}, "classes": {"": {"executed_lines": [1, 3, 5, 6, 7, 8, 10, 21, 23, 24, 25, 26, 27, 28, 29, 30, 31, 32, 35, 37, 38, 39, 40, 43, 148, 387, 491], "summary": {"covered_lines": 26, "num_statements": 341, "percent_covered": 7.624633431085044, "percent_covered_display": "8", "missing_lines": 315, "excluded_lines": 0, "percent_statements_covered": 7.624633431085044, "percent_statements_covered_display": "8"}, "missing_lines": [50, 51, 52, 53, 54, 56, 57, 58, 60, 61, 62, 63, 65, 66, 67, 68, 69, 70, 77, 78, 79, 80, 82, 83, 85, 86, 88, 90, 91, 92, 93, 94, 95, 96, 98, 99, 100, 101, 102, 103, 105, 106, 107, 108, 109, 110, 111, 112, 114, 116, 118, 120, 121, 122, 123, 124, 125, 126, 127, 128, 129, 130, 131, 132, 134, 135, 136, 137, 138, 139, 140, 142, 143, 144, 145, 162, 163, 164, 165, 166, 167, 169, 170, 171, 172, 173, 174, 175, 177, 181, 182, 183, 185, 186, 187, 189, 190, 192, 193, 194, 195, 197, 198, 199, 200, 201, 202, 204, 205, 206, 207, 208, 209, 210, 211, 212, 214, 215, 217, 219, 220, 222, 223, 225, 226, 227, 228, 229, 230, 231, 233, 234, 235, 237, 238, 239, 241, 242, 243, 244, 246, 247, 248, 249, 254, 256, 257, 258, 262, 263, 264, 265, 266, 267, 269, 270, 272, 273, 275, 276, 278, 280, 281, 282, 284, 285, 286, 288, 289, 291, 292, 299, 300, 301, 302, 303, 304, 306, 307, 308, 309, 310, 311, 312, 314, 315, 317, 318, 320, 321, 323, 324, 325, 326, 327, 328, 329, 330, 331, 333, 334, 335, 336, 337, 338, 340, 341, 342, 343, 344, 346, 348, 349, 350, 351, 352, 353, 354, 355, 356, 357, 362, 363, 364, 365, 366, 367, 368, 369, 370, 371, 373, 374, 375, 376, 377, 378, 382, 383, 384, 389, 391, 392, 394, 430, 431, 432, 433, 434, 435, 436, 438, 439, 440, 442, 443, 445, 446, 448, 449, 450, 452, 453, 454, 456, 457, 458, 459, 460, 461, 462, 463, 464, 466, 467, 468, 470, 472, 473, 474, 475, 476, 477, 478, 479, 480, 481, 482, 483, 484, 485, 487, 488, 493, 494, 495, 496, 497, 498, 499, 500, 502, 503, 504, 505, 506, 507, 508, 509, 510, 511, 512, 513, 514, 515], "excluded_lines": []}}}, "tests/test_audio.py": {"executed_lines": [1, 2, 3, 4, 7, 8, 11, 13, 15, 17, 18, 19, 20, 28, 29, 30, 33, 36, 38, 39, 40, 41, 43, 44, 45, 46, 48, 50, 52], "summary": {"covered_lines": 29, "num_statements": 30, "percent_covered": 96.66666666666667, "percent_covered_display": "97", "missing_lines": 1, "excluded_lines": 0, "percent_statements_covered": 96.66666666666667, "percent_statements_covered_display": "97"}, "missing_lines": [53], "excluded_lines": [], "functions": {"TestAudio.test_play_sfx_macos": {"executed_lines": [20, 28, 29, 30, 33, 36, 38, 39, 40, 41], "summary": {"covered_lines": 10, "num_statements": 10, "percent_covered": 100.0, "percent_covered_display": "100", "missing_lines": 0, "excluded_lines": 0, "percent_statements_covered": 100.0, "percent_statements_covered_display": "100"}, "missing_lines": [], "excluded_lines": []}, "TestAudio.test_play_sfx_non_macos": {"executed_lines": [46, 48, 50], "summary": {"covered_lines": 3, "num_statements": 3, "percent_covered": 100.0, "percent_covered_display": "100", "missing_lines": 0, "excluded_lines": 0, "percent_statements_covered": 100.0, "percent_statements_covered_display": "100"}, "missing_lines": [], "excluded_lines": []}, "": {"executed_lines": [1, 2, 3, 4, 7, 8, 11, 13, 15, 17, 18, 19, 43, 44, 45, 52], "summary": {"covered_lines": 16, "num_statements": 17, "percent_covered": 94.11764705882354, "percent_covered_display": "94", "missing_lines": 1, "excluded_lines": 0, "percent_statements_covered": 94.11764705882354, "percent_statements_covered_display": "94"}, "missing_lines": [53], "excluded_lines": []}}, "classes": {"TestAudio": {"executed_lines": [20, 28, 29, 30, 33, 36, 38, 39, 40, 41, 46, 48, 50], "summary": {"covered_lines": 13, "num_statements": 13, "percent_covered": 100.0, "percent_covered_display": "100", "missing_lines": 0, "excluded_lines": 0, "percent_statements_covered": 100.0, "percent_statements_covered_display": "100"}, "missing_lines": [], "excluded_lines": []}, "": {"executed_lines": [1, 2, 3, 4, 7, 8, 11, 13, 15, 17, 18, 19, 43, 44, 45, 52], "summary": {"covered_lines": 16, "num_statements": 17, "percent_covered": 94.11764705882354, "percent_covered_display": "94", "missing_lines": 1, "excluded_lines": 0, "percent_statements_covered": 94.11764705882354, "percent_statements_covered_display": "94"}, "missing_lines": [53], "excluded_lines": []}}}, "tests/test_curses_setup.py": {"executed_lines": [1, 2, 3, 4, 5, 8, 9, 12, 14, 16, 18, 19, 20, 22, 23, 24, 25, 28, 29, 32, 34], "summary": {"covered_lines": 21, "num_statements": 22, "percent_covered": 95.45454545454545, "percent_covered_display": "95", "missing_lines": 1, "excluded_lines": 0, "percent_statements_covered": 95.45454545454545, "percent_statements_covered_display": "95"}, "missing_lines": [35], "excluded_lines": [], "functions": {"TestCursesSetup.test_init_curses": {"executed_lines": [20, 22, 23, 24, 25, 28, 29, 32], "summary": {"covered_lines": 8, "num_statements": 8, "percent_covered": 100.0, "percent_covered_display": "100", "missing_lines": 0, "excluded_lines": 0, "percent_statements_covered": 100.0, "percent_statements_covered_display": "100"}, "missing_lines": [], "excluded_lines": []}, "": {"executed_lines": [1, 2, 3, 4, 5, 8, 9, 12, 14, 16, 18, 19, 34], "summary": {"covered_lines": 13, "num_statements": 14, "percent_covered": 92.85714285714286, "percent_covered_display": "93", "missing_lines": 1, "excluded_lines": 0, "percent_statements_covered": 92.85714285714286, "percent_statements_covered_display": "93"}, "missing_lines": [35], "excluded_lines": []}}, "classes": {"TestCursesSetup": {"executed_lines": [20, 22, 23, 24, 25, 28, 29, 32], "summary": {"covered_lines": 8, "num_statements": 8, "percent_covered": 100.0, "percent_covered_display": "100", "missing_lines": 0, "excluded_lines": 0, "percent_statements_covered": 100.0, "percent_statements_covered_display": "100"}, "missing_lines": [], "excluded_lines": []}, "": {"executed_lines": [1, 2, 3, 4, 5, 8, 9, 12, 14, 16, 18, 19, 34], "summary": {"covered_lines": 13, "num_statements": 14, "percent_covered": 92.85714285714286, "percent_covered_display": "93", "missing_lines": 1, "excluded_lines": 0, "percent_statements_covered": 92.85714285714286, "percent_statements_covered_display": "93"}, "missing_lines": [35], "excluded_lines": []}}}, "tests/test_input_listener.py": {"executed_lines": [1, 2, 3, 4, 7, 8, 11, 13, 15, 17, 18, 20, 21, 22, 23, 26, 27, 28, 29, 32, 33, 36, 37, 38, 40, 41, 44, 45, 48, 49, 51, 53, 54, 59, 61, 63, 64, 66, 67, 69, 70, 72], "summary": {"covered_lines": 42, "num_statements": 43, "percent_covered": 97.67441860465117, "percent_covered_display": "98", "missing_lines": 1, "excluded_lines": 0, "percent_statements_covered": 97.67441860465117, "percent_statements_covered_display": "98"}, "missing_lines": [73], "excluded_lines": [], "functions": {"TestModifierKeyMonitor.setUp": {"executed_lines": [18], "summary": {"covered_lines": 1, "num_statements": 1, "percent_covered": 100.0, "percent_covered_display": "100", "missing_lines": 0, "excluded_lines": 0, "percent_statements_covered": 100.0, "percent_statements_covered_display": "100"}, "missing_lines": [], "excluded_lines": []}, "TestModifierKeyMonitor.test_start_stop": {"executed_lines": [22, 23, 26, 27, 28, 29, 32, 33, 36, 37, 38], "summary": {"covered_lines": 11, "num_statements": 11, "percent_covered": 100.0, "percent_covered_display": "100", "missing_lines": 0, "excluded_lines": 0, "percent_statements_covered": 100.0, "percent_statements_covered_display": "100"}, "missing_lines": [], "excluded_lines": []}, "TestModifierKeyMonitor.test_key_tracking": {"executed_lines": [41, 44, 45, 48, 49], "summary": {"covered_lines": 5, "num_statements": 5, "percent_covered": 100.0, "percent_covered_display": "100", "missing_lines": 0, "excluded_lines": 0, "percent_statements_covered": 100.0, "percent_statements_covered_display": "100"}, "missing_lines": [], "excluded_lines": []}, "TestModifierKeyMonitor.test_is_shift_pressed": {"executed_lines": [53, 54, 59, 61, 63, 64, 66, 67, 69, 70], "summary": {"covered_lines": 10, "num_statements": 10, "percent_covered": 100.0, "percent_covered_display": "100", "missing_lines": 0, "excluded_lines": 0, "percent_statements_covered": 100.0, "percent_statements_covered_display": "100"}, "missing_lines": [], "excluded_lines": []}, "": {"executed_lines": [1, 2, 3, 4, 7, 8, 11, 13, 15, 17, 20, 21, 40, 51, 72], "summary": {"covered_lines": 15, "num_statements": 16, "percent_covered": 93.75, "percent_covered_display": "94", "missing_lines": 1, "excluded_lines": 0, "percent_statements_covered": 93.75, "percent_statements_covered_display": "94"}, "missing_lines": [73], "excluded_lines": []}}, "classes": {"TestModifierKeyMonitor": {"executed_lines": [18, 22, 23, 26, 27, 28, 29, 32, 33, 36, 37, 38, 41, 44, 45, 48, 49, 53, 54, 59, 61, 63, 64, 66, 67, 69, 70], "summary": {"covered_lines": 27, "num_statements": 27, "percent_covered": 100.0, "percent_covered_display": "100", "missing_lines": 0, "excluded_lines": 0, "percent_statements_covered": 100.0, "percent_statements_covered_display": "100"}, "missing_lines": [], "excluded_lines": []}, "": {"executed_lines": [1, 2, 3, 4, 7, 8, 11, 13, 15, 17, 20, 21, 40, 51, 72], "summary": {"covered_lines": 15, "num_statements": 16, "percent_covered": 93.75, "percent_covered_display": "94", "missing_lines": 1, "excluded_lines": 0, "percent_statements_covered": 93.75, "percent_statements_covered_display": "94"}, "missing_lines": [73], "excluded_lines": []}}}, "tests/test_keystore.py": {"executed_lines": [1, 2, 3, 4, 5, 6, 7, 10, 11, 14, 16, 24, 26, 28, 29, 30, 31, 33, 34, 37, 64, 65, 66, 67, 69, 71, 74, 75, 76, 77, 80, 81, 82, 83, 85, 86, 87, 93, 94, 95, 96, 98, 99, 101, 103, 104, 105, 106, 107, 108, 111, 112, 113, 117, 119, 120, 127, 128, 129, 130, 131, 134, 135, 136, 137, 138, 141, 142, 143, 146, 147, 148, 149, 150, 153, 154, 155, 156, 157, 160, 161, 162, 163, 164, 167, 168, 169, 170, 171, 173, 174, 179, 180, 181, 183, 184, 186, 187, 190, 191, 194, 195, 197, 199, 200, 203, 204, 206, 207, 210, 211, 212, 213, 216, 217, 218, 221, 222, 223, 225], "summary": {"covered_lines": 120, "num_statements": 121, "percent_covered": 99.17355371900827, "percent_covered_display": "99", "missing_lines": 1, "excluded_lines": 0, "percent_statements_covered": 99.17355371900827, "percent_statements_covered_display": "99"}, "missing_lines": [226], "excluded_lines": [], "functions": {"TestKeystoreParsing.setUp": {"executed_lines": [29, 30, 31], "summary": {"covered_lines": 3, "num_statements": 3, "percent_covered": 100.0, "percent_covered_display": "100", "missing_lines": 0, "excluded_lines": 0, "percent_statements_covered": 100.0, "percent_statements_covered_display": "100"}, "missing_lines": [], "excluded_lines": []}, "TestKeystoreParsing.test_get_keystore_entries_success": {"executed_lines": [37, 64, 65, 66, 67, 69, 71, 74, 75, 76, 77, 80, 81, 82, 83], "summary": {"covered_lines": 15, "num_statements": 15, "percent_covered": 100.0, "percent_covered_display": "100", "missing_lines": 0, "excluded_lines": 0, "percent_statements_covered": 100.0, "percent_statements_covered_display": "100"}, "missing_lines": [], "excluded_lines": []}, "TestKeystoreParsing.test_get_keystore_entries_empty": {"executed_lines": [87, 93, 94, 95, 96, 98, 99], "summary": {"covered_lines": 7, "num_statements": 7, "percent_covered": 100.0, "percent_covered_display": "100", "missing_lines": 0, "excluded_lines": 0, "percent_statements_covered": 100.0, "percent_statements_covered_display": "100"}, "missing_lines": [], "excluded_lines": []}, "TestKeystoreParsing.test_parse_until_date": {"executed_lines": [103, 104, 105, 106, 107, 108, 111, 112, 113, 117], "summary": {"covered_lines": 10, "num_statements": 10, "percent_covered": 100.0, "percent_covered_display": "100", "missing_lines": 0, "excluded_lines": 0, "percent_statements_covered": 100.0, "percent_statements_covered_display": "100"}, "missing_lines": [], "excluded_lines": []}, "TestKeystoreParsing.test_filter_entries": {"executed_lines": [120, 127, 128, 129, 130, 131, 134, 135, 136, 137, 138, 141, 142, 143, 146, 147, 148, 149, 150, 153, 154, 155, 156, 157, 160, 161, 162, 163, 164, 167, 168, 169, 170, 171], "summary": {"covered_lines": 34, "num_statements": 34, "percent_covered": 100.0, "percent_covered_display": "100", "missing_lines": 0, "excluded_lines": 0, "percent_statements_covered": 100.0, "percent_statements_covered_display": "100"}, "missing_lines": [], "excluded_lines": []}, "TestKeystoreParsing.test_find_entry_index_by_alias": {"executed_lines": [174, 179, 180, 181], "summary": {"covered_lines": 4, "num_statements": 4, "percent_covered": 100.0, "percent_covered_display": "100", "missing_lines": 0, "excluded_lines": 0, "percent_statements_covered": 100.0, "percent_statements_covered_display": "100"}, "missing_lines": [], "excluded_lines": []}, "TestKeystoreParsing.test_check_password": {"executed_lines": [186, 187, 190, 191, 194, 195], "summary": {"covered_lines": 6, "num_statements": 6, "percent_covered": 100.0, "percent_covered_display": "100", "missing_lines": 0, "excluded_lines": 0, "percent_statements_covered": 100.0, "percent_statements_covered_display": "100"}, "missing_lines": [], "excluded_lines": []}, "TestKeystoreParsing.test_check_unsaved_changes": {"executed_lines": [199, 200, 203, 204, 206, 207, 210, 211, 212, 213, 216, 217, 218, 221, 222, 223], "summary": {"covered_lines": 16, "num_statements": 16, "percent_covered": 100.0, "percent_covered_display": "100", "missing_lines": 0, "excluded_lines": 0, "percent_statements_covered": 100.0, "percent_statements_covered_display": "100"}, "missing_lines": [], "excluded_lines": []}, "": {"executed_lines": [1, 2, 3, 4, 5, 6, 7, 10, 11, 14, 16, 24, 26, 28, 33, 34, 85, 86, 101, 119, 173, 183, 184, 197, 225], "summary": {"covered_lines": 25, "num_statements": 26, "percent_covered": 96.15384615384616, "percent_covered_display": "96", "missing_lines": 1, "excluded_lines": 0, "percent_statements_covered": 96.15384615384616, "percent_statements_covered_display": "96"}, "missing_lines": [226], "excluded_lines": []}}, "classes": {"TestKeystoreParsing": {"executed_lines": [29, 30, 31, 37, 64, 65, 66, 67, 69, 71, 74, 75, 76, 77, 80, 81, 82, 83, 87, 93, 94, 95, 96, 98, 99, 103, 104, 105, 106, 107, 108, 111, 112, 113, 117, 120, 127, 128, 129, 130, 131, 134, 135, 136, 137, 138, 141, 142, 143, 146, 147, 148, 149, 150, 153, 154, 155, 156, 157, 160, 161, 162, 163, 164, 167, 168, 169, 170, 171, 174, 179, 180, 181, 186, 187, 190, 191, 194, 195, 199, 200, 203, 204, 206, 207, 210, 211, 212, 213, 216, 217, 218, 221, 222, 223], "summary": {"covered_lines": 95, "num_statements": 95, "percent_covered": 100.0, "percent_covered_display": "100", "missing_lines": 0, "excluded_lines": 0, "percent_statements_covered": 100.0, "percent_statements_covered_display": "100"}, "missing_lines": [], "excluded_lines": []}, "": {"executed_lines": [1, 2, 3, 4, 5, 6, 7, 10, 11, 14, 16, 24, 26, 28, 33, 34, 85, 86, 101, 119, 173, 183, 184, 197, 225], "summary": {"covered_lines": 25, "num_statements": 26, "percent_covered": 96.15384615384616, "percent_covered_display": "96", "missing_lines": 1, "excluded_lines": 0, "percent_statements_covered": 96.15384615384616, "percent_statements_covered_display": "96"}, "missing_lines": [226], "excluded_lines": []}}}, "tests/test_keystore_actions.py": {"executed_lines": [1, 2, 3, 4, 5, 6, 9, 10, 13, 15, 16, 26, 28, 29, 30, 31, 32, 34, 36, 37, 38, 39, 41, 42, 45, 52, 53, 56, 57, 58, 60, 62, 63, 64, 65, 66, 68, 69, 70, 71, 72, 73, 76, 79, 81, 83, 84, 86, 87, 88, 90, 93, 94, 95, 98, 100, 102, 103, 104, 105, 106, 107, 109, 110, 112, 114, 116, 118, 119, 120, 121, 123, 126, 127, 128, 131, 133, 135, 136, 137, 138, 139, 141, 142, 143, 144, 150, 157, 158, 159, 162, 164, 166, 167, 168, 169, 170, 171, 172, 173, 174, 175, 177, 178, 179, 181, 183, 185, 186, 187, 188, 189, 191, 192, 193, 194, 195, 196, 197, 198, 205, 206, 207, 210, 211, 212, 213, 215, 217, 218, 220, 222, 223, 226, 227, 228, 231, 232, 233, 235, 236, 237, 238, 239, 240, 241, 243, 249, 251, 253, 256, 262, 268, 270], "summary": {"covered_lines": 154, "num_statements": 155, "percent_covered": 99.35483870967742, "percent_covered_display": "99", "missing_lines": 1, "excluded_lines": 0, "percent_statements_covered": 99.35483870967742, "percent_statements_covered_display": "99"}, "missing_lines": [271], "excluded_lines": [], "functions": {"TestKeystoreActions.setUp": {"executed_lines": [29, 30, 31, 32, 34], "summary": {"covered_lines": 5, "num_statements": 5, "percent_covered": 100.0, "percent_covered_display": "100", "missing_lines": 0, "excluded_lines": 0, "percent_statements_covered": 100.0, "percent_statements_covered_display": "100"}, "missing_lines": [], "excluded_lines": []}, "TestKeystoreActions.test_delete_entry_success": {"executed_lines": [41, 42, 45, 52, 53, 56, 57, 58, 60, 62, 63, 64, 65, 66], "summary": {"covered_lines": 14, "num_statements": 14, "percent_covered": 100.0, "percent_covered_display": "100", "missing_lines": 0, "excluded_lines": 0, "percent_statements_covered": 100.0, "percent_statements_covered_display": "100"}, "missing_lines": [], "excluded_lines": []}, "TestKeystoreActions.test_delete_entry_cancel": {"executed_lines": [72, 73, 76, 79, 81, 83, 84], "summary": {"covered_lines": 7, "num_statements": 7, "percent_covered": 100.0, "percent_covered_display": "100", "missing_lines": 0, "excluded_lines": 0, "percent_statements_covered": 100.0, "percent_statements_covered_display": "100"}, "missing_lines": [], "excluded_lines": []}, "TestKeystoreActions.test_rename_entry_success": {"executed_lines": [90, 93, 94, 95, 98, 100, 102, 103, 104, 105, 106, 107], "summary": {"covered_lines": 12, "num_statements": 12, "percent_covered": 100.0, "percent_covered_display": "100", "missing_lines": 0, "excluded_lines": 0, "percent_statements_covered": 100.0, "percent_statements_covered_display": "100"}, "missing_lines": [], "excluded_lines": []}, "TestKeystoreActions.test_rename_entry_cancel": {"executed_lines": [112, 114, 116], "summary": {"covered_lines": 3, "num_statements": 3, "percent_covered": 100.0, "percent_covered_display": "100", "missing_lines": 0, "excluded_lines": 0, "percent_statements_covered": 100.0, "percent_statements_covered_display": "100"}, "missing_lines": [], "excluded_lines": []}, "TestKeystoreActions.test_import_cert_file": {"executed_lines": [123, 126, 127, 128, 131, 133, 135, 136, 137, 138, 139], "summary": {"covered_lines": 11, "num_statements": 11, "percent_covered": 100.0, "percent_covered_display": "100", "missing_lines": 0, "excluded_lines": 0, "percent_statements_covered": 100.0, "percent_statements_covered_display": "100"}, "missing_lines": [], "excluded_lines": []}, "TestKeystoreActions.test_generate_key_pair": {"executed_lines": [150, 157, 158, 159, 162, 164, 166, 167, 168, 169, 170], "summary": {"covered_lines": 11, "num_statements": 11, "percent_covered": 100.0, "percent_covered_display": "100", "missing_lines": 0, "excluded_lines": 0, "percent_statements_covered": 100.0, "percent_statements_covered_display": "100"}, "missing_lines": [], "excluded_lines": []}, "TestKeystoreActions.test_import_pkcs12_keypair": {"executed_lines": [175, 177, 178, 179, 181, 183, 185, 186, 187, 188, 189], "summary": {"covered_lines": 11, "num_statements": 11, "percent_covered": 100.0, "percent_covered_display": "100", "missing_lines": 0, "excluded_lines": 0, "percent_statements_covered": 100.0, "percent_statements_covered_display": "100"}, "missing_lines": [], "excluded_lines": []}, "TestKeystoreActions.test_import_pkcs8_keypair": {"executed_lines": [198, 205, 206, 207, 210, 211, 212, 213, 215, 217, 218, 220, 222, 223, 226, 227, 228, 231, 232, 233], "summary": {"covered_lines": 20, "num_statements": 20, "percent_covered": 100.0, "percent_covered_display": "100", "missing_lines": 0, "excluded_lines": 0, "percent_statements_covered": 100.0, "percent_statements_covered_display": "100"}, "missing_lines": [], "excluded_lines": []}, "TestKeystoreActions.test_change_keystore_password": {"executed_lines": [241, 243, 249, 251, 253, 256, 262, 268], "summary": {"covered_lines": 8, "num_statements": 8, "percent_covered": 100.0, "percent_covered_display": "100", "missing_lines": 0, "excluded_lines": 0, "percent_statements_covered": 100.0, "percent_statements_covered_display": "100"}, "missing_lines": [], "excluded_lines": []}, "": {"executed_lines": [1, 2, 3, 4, 5, 6, 9, 10, 13, 15, 16, 26, 28, 36, 37, 38, 39, 68, 69, 70, 71, 86, 87, 88, 109, 110, 118, 119, 120, 121, 141, 142, 143, 144, 171, 172, 173, 174, 191, 192, 193, 194, 195, 196, 197, 235, 236, 237, 238, 239, 240, 270], "summary": {"covered_lines": 52, "num_statements": 53, "percent_covered": 98.11320754716981, "percent_covered_display": "98", "missing_lines": 1, "excluded_lines": 0, "percent_statements_covered": 98.11320754716981, "percent_statements_covered_display": "98"}, "missing_lines": [271], "excluded_lines": []}}, "classes": {"TestKeystoreActions": {"executed_lines": [29, 30, 31, 32, 34, 41, 42, 45, 52, 53, 56, 57, 58, 60, 62, 63, 64, 65, 66, 72, 73, 76, 79, 81, 83, 84, 90, 93, 94, 95, 98, 100, 102, 103, 104, 105, 106, 107, 112, 114, 116, 123, 126, 127, 128, 131, 133, 135, 136, 137, 138, 139, 150, 157, 158, 159, 162, 164, 166, 167, 168, 169, 170, 175, 177, 178, 179, 181, 183, 185, 186, 187, 188, 189, 198, 205, 206, 207, 210, 211, 212, 213, 215, 217, 218, 220, 222, 223, 226, 227, 228, 231, 232, 233, 241, 243, 249, 251, 253, 256, 262, 268], "summary": {"covered_lines": 102, "num_statements": 102, "percent_covered": 100.0, "percent_covered_display": "100", "missing_lines": 0, "excluded_lines": 0, "percent_statements_covered": 100.0, "percent_statements_covered_display": "100"}, "missing_lines": [], "excluded_lines": []}, "": {"executed_lines": [1, 2, 3, 4, 5, 6, 9, 10, 13, 15, 16, 26, 28, 36, 37, 38, 39, 68, 69, 70, 71, 86, 87, 88, 109, 110, 118, 119, 120, 121, 141, 142, 143, 144, 171, 172, 173, 174, 191, 192, 193, 194, 195, 196, 197, 235, 236, 237, 238, 239, 240, 270], "summary": {"covered_lines": 52, "num_statements": 53, "percent_covered": 98.11320754716981, "percent_covered_display": "98", "missing_lines": 1, "excluded_lines": 0, "percent_statements_covered": 98.11320754716981, "percent_statements_covered_display": "98"}, "missing_lines": [271], "excluded_lines": []}}}, "tests/test_layout.py": {"executed_lines": [1, 2, 3, 4, 5, 8, 9, 12, 14, 15, 17, 19, 20, 21, 22, 24, 25, 26, 27, 29, 32, 34, 36, 37, 38, 39, 40, 41, 43, 45, 46, 47, 49], "summary": {"covered_lines": 33, "num_statements": 34, "percent_covered": 97.05882352941177, "percent_covered_display": "97", "missing_lines": 1, "excluded_lines": 0, "percent_statements_covered": 97.05882352941177, "percent_statements_covered_display": "97"}, "missing_lines": [50], "excluded_lines": [], "functions": {"TestLayout.setUp": {"executed_lines": [20, 21, 22], "summary": {"covered_lines": 3, "num_statements": 3, "percent_covered": 100.0, "percent_covered_display": "100", "missing_lines": 0, "excluded_lines": 0, "percent_statements_covered": 100.0, "percent_statements_covered_display": "100"}, "missing_lines": [], "excluded_lines": []}, "TestLayout.test_draw_footer": {"executed_lines": [26, 27, 29, 32, 34], "summary": {"covered_lines": 5, "num_statements": 5, "percent_covered": 100.0, "percent_covered_display": "100", "missing_lines": 0, "excluded_lines": 0, "percent_statements_covered": 100.0, "percent_statements_covered_display": "100"}, "missing_lines": [], "excluded_lines": []}, "TestLayout.test_draw_menu_bar": {"executed_lines": [39, 40, 41, 43, 45, 46, 47], "summary": {"covered_lines": 7, "num_statements": 7, "percent_covered": 100.0, "percent_covered_display": "100", "missing_lines": 0, "excluded_lines": 0, "percent_statements_covered": 100.0, "percent_statements_covered_display": "100"}, "missing_lines": [], "excluded_lines": []}, "": {"executed_lines": [1, 2, 3, 4, 5, 8, 9, 12, 14, 15, 17, 19, 24, 25, 36, 37, 38, 49], "summary": {"covered_lines": 18, "num_statements": 19, "percent_covered": 94.73684210526316, "percent_covered_display": "95", "missing_lines": 1, "excluded_lines": 0, "percent_statements_covered": 94.73684210526316, "percent_statements_covered_display": "95"}, "missing_lines": [50], "excluded_lines": []}}, "classes": {"TestLayout": {"executed_lines": [20, 21, 22, 26, 27, 29, 32, 34, 39, 40, 41, 43, 45, 46, 47], "summary": {"covered_lines": 15, "num_statements": 15, "percent_covered": 100.0, "percent_covered_display": "100", "missing_lines": 0, "excluded_lines": 0, "percent_statements_covered": 100.0, "percent_statements_covered_display": "100"}, "missing_lines": [], "excluded_lines": []}, "": {"executed_lines": [1, 2, 3, 4, 5, 8, 9, 12, 14, 15, 17, 19, 24, 25, 36, 37, 38, 49], "summary": {"covered_lines": 18, "num_statements": 19, "percent_covered": 94.73684210526316, "percent_covered_display": "95", "missing_lines": 1, "excluded_lines": 0, "percent_statements_covered": 94.73684210526316, "percent_statements_covered_display": "95"}, "missing_lines": [50], "excluded_lines": []}}}, "tests/test_menu.py": {"executed_lines": [1, 2, 3, 4, 5, 8, 9, 12, 14, 20, 22, 24, 25, 26, 27, 29, 30, 31, 32, 33, 34, 35, 38, 44, 49, 50, 52, 53, 54, 55, 56, 57, 58, 59, 60, 64, 69, 71, 72, 73, 75, 76, 77, 78, 79, 80, 81, 82, 83, 87, 94, 95, 97, 98, 99, 100, 101, 102, 103, 104, 105, 109, 115, 117, 119, 120, 121, 122, 123, 124, 125, 126, 127, 131, 138, 140, 142, 143, 144, 145, 147, 149, 150, 152, 153, 157, 158, 159, 162, 163, 164, 166, 167, 168, 170, 172, 174], "summary": {"covered_lines": 97, "num_statements": 98, "percent_covered": 98.9795918367347, "percent_covered_display": "99", "missing_lines": 1, "excluded_lines": 0, "percent_statements_covered": 98.9795918367347, "percent_statements_covered_display": "99"}, "missing_lines": [175], "excluded_lines": [], "functions": {"TestMenu.setUp": {"executed_lines": [25, 26, 27], "summary": {"covered_lines": 3, "num_statements": 3, "percent_covered": 100.0, "percent_covered_display": "100", "missing_lines": 0, "excluded_lines": 0, "percent_statements_covered": 100.0, "percent_statements_covered_display": "100"}, "missing_lines": [], "excluded_lines": []}, "TestMenu.test_menu_navigation": {"executed_lines": [33, 34, 35, 38, 44, 49, 50], "summary": {"covered_lines": 7, "num_statements": 7, "percent_covered": 100.0, "percent_covered_display": "100", "missing_lines": 0, "excluded_lines": 0, "percent_statements_covered": 100.0, "percent_statements_covered_display": "100"}, "missing_lines": [], "excluded_lines": []}, "TestMenu.test_menu_filter_selection": {"executed_lines": [57, 58, 59, 60, 64, 69, 71, 72, 73], "summary": {"covered_lines": 9, "num_statements": 9, "percent_covered": 100.0, "percent_covered_display": "100", "missing_lines": 0, "excluded_lines": 0, "percent_statements_covered": 100.0, "percent_statements_covered_display": "100"}, "missing_lines": [], "excluded_lines": []}, "TestMenu.test_menu_quit": {"executed_lines": [80, 81, 82, 83, 87, 94, 95], "summary": {"covered_lines": 7, "num_statements": 7, "percent_covered": 100.0, "percent_covered_display": "100", "missing_lines": 0, "excluded_lines": 0, "percent_statements_covered": 100.0, "percent_statements_covered_display": "100"}, "missing_lines": [], "excluded_lines": []}, "TestMenu.test_menu_save": {"executed_lines": [102, 103, 104, 105, 109, 115, 117], "summary": {"covered_lines": 7, "num_statements": 7, "percent_covered": 100.0, "percent_covered_display": "100", "missing_lines": 0, "excluded_lines": 0, "percent_statements_covered": 100.0, "percent_statements_covered_display": "100"}, "missing_lines": [], "excluded_lines": []}, "TestMenu.test_menu_save_disabled": {"executed_lines": [124, 125, 126, 127, 131, 138, 140, 142], "summary": {"covered_lines": 8, "num_statements": 8, "percent_covered": 100.0, "percent_covered_display": "100", "missing_lines": 0, "excluded_lines": 0, "percent_statements_covered": 100.0, "percent_statements_covered_display": "100"}, "missing_lines": [], "excluded_lines": []}, "TestMenu.test_handle_filter_popup": {"executed_lines": [145, 147, 149, 150], "summary": {"covered_lines": 4, "num_statements": 4, "percent_covered": 100.0, "percent_covered_display": "100", "missing_lines": 0, "excluded_lines": 0, "percent_statements_covered": 100.0, "percent_statements_covered_display": "100"}, "missing_lines": [], "excluded_lines": []}, "TestMenu.test_handle_toggle_mouse": {"executed_lines": [157, 158, 159, 162, 163, 164], "summary": {"covered_lines": 6, "num_statements": 6, "percent_covered": 100.0, "percent_covered_display": "100", "missing_lines": 0, "excluded_lines": 0, "percent_statements_covered": 100.0, "percent_statements_covered_display": "100"}, "missing_lines": [], "excluded_lines": []}, "TestMenu.test_handle_search_content": {"executed_lines": [168, 170, 172], "summary": {"covered_lines": 3, "num_statements": 3, "percent_covered": 100.0, "percent_covered_display": "100", "missing_lines": 0, "excluded_lines": 0, "percent_statements_covered": 100.0, "percent_statements_covered_display": "100"}, "missing_lines": [], "excluded_lines": []}, "": {"executed_lines": [1, 2, 3, 4, 5, 8, 9, 12, 14, 20, 22, 24, 29, 30, 31, 32, 52, 53, 54, 55, 56, 75, 76, 77, 78, 79, 97, 98, 99, 100, 101, 119, 120, 121, 122, 123, 143, 144, 152, 153, 166, 167, 174], "summary": {"covered_lines": 43, "num_statements": 44, "percent_covered": 97.72727272727273, "percent_covered_display": "98", "missing_lines": 1, "excluded_lines": 0, "percent_statements_covered": 97.72727272727273, "percent_statements_covered_display": "98"}, "missing_lines": [175], "excluded_lines": []}}, "classes": {"TestMenu": {"executed_lines": [25, 26, 27, 33, 34, 35, 38, 44, 49, 50, 57, 58, 59, 60, 64, 69, 71, 72, 73, 80, 81, 82, 83, 87, 94, 95, 102, 103, 104, 105, 109, 115, 117, 124, 125, 126, 127, 131, 138, 140, 142, 145, 147, 149, 150, 157, 158, 159, 162, 163, 164, 168, 170, 172], "summary": {"covered_lines": 54, "num_statements": 54, "percent_covered": 100.0, "percent_covered_display": "100", "missing_lines": 0, "excluded_lines": 0, "percent_statements_covered": 100.0, "percent_statements_covered_display": "100"}, "missing_lines": [], "excluded_lines": []}, "": {"executed_lines": [1, 2, 3, 4, 5, 8, 9, 12, 14, 20, 22, 24, 29, 30, 31, 32, 52, 53, 54, 55, 56, 75, 76, 77, 78, 79, 97, 98, 99, 100, 101, 119, 120, 121, 122, 123, 143, 144, 152, 153, 166, 167, 174], "summary": {"covered_lines": 43, "num_statements": 44, "percent_covered": 97.72727272727273, "percent_covered_display": "98", "missing_lines": 1, "excluded_lines": 0, "percent_statements_covered": 97.72727272727273, "percent_statements_covered_display": "98"}, "missing_lines": [175], "excluded_lines": []}}}, "tests/test_state.py": {"executed_lines": [1, 2, 4, 6, 7, 8, 9, 10, 11, 12, 13, 14, 15, 17, 18, 19, 21, 22, 24, 25, 27, 28, 29, 37, 39], "summary": {"covered_lines": 25, "num_statements": 26, "percent_covered": 96.15384615384616, "percent_covered_display": "96", "missing_lines": 1, "excluded_lines": 0, "percent_statements_covered": 96.15384615384616, "percent_statements_covered_display": "96"}, "missing_lines": [40], "excluded_lines": [], "functions": {"TestAppState.test_initialization": {"executed_lines": [7, 8, 9, 10, 11, 12, 13, 14, 15], "summary": {"covered_lines": 9, "num_statements": 9, "percent_covered": 100.0, "percent_covered_display": "100", "missing_lines": 0, "excluded_lines": 0, "percent_statements_covered": 100.0, "percent_statements_covered_display": "100"}, "missing_lines": [], "excluded_lines": []}, "TestAppState.test_mark_dirty_clean": {"executed_lines": [18, 19, 21, 22, 24, 25], "summary": {"covered_lines": 6, "num_statements": 6, "percent_covered": 100.0, "percent_covered_display": "100", "missing_lines": 0, "excluded_lines": 0, "percent_statements_covered": 100.0, "percent_statements_covered_display": "100"}, "missing_lines": [], "excluded_lines": []}, "TestAppState.test_default_filter_state": {"executed_lines": [28, 29, 37], "summary": {"covered_lines": 3, "num_statements": 3, "percent_covered": 100.0, "percent_covered_display": "100", "missing_lines": 0, "excluded_lines": 0, "percent_statements_covered": 100.0, "percent_statements_covered_display": "100"}, "missing_lines": [], "excluded_lines": []}, "": {"executed_lines": [1, 2, 4, 6, 17, 27, 39], "summary": {"covered_lines": 7, "num_statements": 8, "percent_covered": 87.5, "percent_covered_display": "88", "missing_lines": 1, "excluded_lines": 0, "percent_statements_covered": 87.5, "percent_statements_covered_display": "88"}, "missing_lines": [40], "excluded_lines": []}}, "classes": {"TestAppState": {"executed_lines": [7, 8, 9, 10, 11, 12, 13, 14, 15, 18, 19, 21, 22, 24, 25, 28, 29, 37], "summary": {"covered_lines": 18, "num_statements": 18, "percent_covered": 100.0, "percent_covered_display": "100", "missing_lines": 0, "excluded_lines": 0, "percent_statements_covered": 100.0, "percent_statements_covered_display": "100"}, "missing_lines": [], "excluded_lines": []}, "": {"executed_lines": [1, 2, 4, 6, 17, 27, 39], "summary": {"covered_lines": 7, "num_statements": 8, "percent_covered": 87.5, "percent_covered_display": "88", "missing_lines": 1, "excluded_lines": 0, "percent_statements_covered": 87.5, "percent_statements_covered_display": "88"}, "missing_lines": [40], "excluded_lines": []}}}}, "totals": {"covered_lines": 1174, "num_statements": 2238, "percent_covered": 52.457551385165324, "percent_covered_display": "52", "missing_lines": 1064, "excluded_lines": 0, "percent_statements_covered": 52.457551385165324, "percent_statements_covered_display": "52"}}